ncverilog: 11.10-s072: (c) Copyright 1995-2013 Cadence Design Systems, Inc.
TOOL:	ncverilog	11.10-s072: Started on Sep 07, 2020 at 00:28:12 CST
ncverilog
	testfixture.v
	DT_syn.v
	-v
	../CIC_2019_grad/tsmc13_neg.v
	+define+SDF
	+define+TB1
file: testfixture.v
	module worklib.testfixture:v
		errors: 0, warnings: 0
	module worklib.sti_ROM:v
		errors: 0, warnings: 0
	module worklib.res_RAM:v
		errors: 0, warnings: 0
file: DT_syn.v
	module worklib.DT_DW01_inc_0:v
		errors: 0, warnings: 0
	module worklib.DT_DW01_inc_2:v
		errors: 0, warnings: 0
	module worklib.DT_DW01_dec_0:v
		errors: 0, warnings: 0
	module worklib.DT_DW01_inc_3:v
		errors: 0, warnings: 0
	module worklib.DT:v
		errors: 0, warnings: 0
		Caching library 'worklib' ....... Done
		Caching library 'tsmc13_neg' ....... Done
	Elaborating the design hierarchy:
  DFFSX1 \res_addr_reg[13]  ( .D(n291), .CK(clk), .SN(n330), .Q(n544) );
                          |
ncelab: *W,CUVWSP (./DT_syn.v,166|26): 1 output port was not connected:
ncelab: (../CIC_2019_grad/tsmc13_neg.v,18583): QN

  DFFSX1 \res_addr_reg[12]  ( .D(n278), .CK(clk), .SN(n330), .Q(n545) );
                          |
ncelab: *W,CUVWSP (./DT_syn.v,167|26): 1 output port was not connected:
ncelab: (../CIC_2019_grad/tsmc13_neg.v,18583): QN

  DFFSX1 \res_addr_reg[11]  ( .D(n279), .CK(clk), .SN(n330), .Q(n546) );
                          |
ncelab: *W,CUVWSP (./DT_syn.v,168|26): 1 output port was not connected:
ncelab: (../CIC_2019_grad/tsmc13_neg.v,18583): QN

  DFFSX1 \res_addr_reg[10]  ( .D(n280), .CK(clk), .SN(n330), .Q(n547) );
                          |
ncelab: *W,CUVWSP (./DT_syn.v,169|26): 1 output port was not connected:
ncelab: (../CIC_2019_grad/tsmc13_neg.v,18583): QN

  DFFSX1 \res_addr_reg[9]  ( .D(n281), .CK(clk), .SN(n330), .Q(n548) );
                         |
ncelab: *W,CUVWSP (./DT_syn.v,170|25): 1 output port was not connected:
ncelab: (../CIC_2019_grad/tsmc13_neg.v,18583): QN

  DFFSX1 \res_addr_reg[8]  ( .D(n282), .CK(clk), .SN(n330), .Q(n549) );
                         |
ncelab: *W,CUVWSP (./DT_syn.v,171|25): 1 output port was not connected:
ncelab: (../CIC_2019_grad/tsmc13_neg.v,18583): QN

  DFFSX1 \res_addr_reg[3]  ( .D(n287), .CK(clk), .SN(n330), .Q(n554) );
                         |
ncelab: *W,CUVWSP (./DT_syn.v,172|25): 1 output port was not connected:
ncelab: (../CIC_2019_grad/tsmc13_neg.v,18583): QN

  DFFSX1 \res_addr_reg[4]  ( .D(n286), .CK(clk), .SN(n330), .Q(n553) );
                         |
ncelab: *W,CUVWSP (./DT_syn.v,173|25): 1 output port was not connected:
ncelab: (../CIC_2019_grad/tsmc13_neg.v,18583): QN

  DFFSX1 \res_addr_reg[5]  ( .D(n285), .CK(clk), .SN(n330), .Q(n552) );
                         |
ncelab: *W,CUVWSP (./DT_syn.v,174|25): 1 output port was not connected:
ncelab: (../CIC_2019_grad/tsmc13_neg.v,18583): QN

  DFFSX1 \res_addr_reg[6]  ( .D(n284), .CK(clk), .SN(n329), .Q(n551) );
                         |
ncelab: *W,CUVWSP (./DT_syn.v,175|25): 1 output port was not connected:
ncelab: (../CIC_2019_grad/tsmc13_neg.v,18583): QN

  DFFSX1 \res_addr_reg[2]  ( .D(n288), .CK(clk), .SN(n330), .Q(n555) );
                         |
ncelab: *W,CUVWSP (./DT_syn.v,179|25): 1 output port was not connected:
ncelab: (../CIC_2019_grad/tsmc13_neg.v,18583): QN

  DFFRX1 \current_State_reg[3]  ( .D(next_State[3]), .CK(clk), .RN(n330), .Q(
                              |
ncelab: *W,CUVWSP (./DT_syn.v,180|30): 1 output port was not connected:
ncelab: (../CIC_2019_grad/tsmc13_neg.v,18307): QN

  DFFRX1 \current_State_reg[2]  ( .D(next_State[2]), .CK(clk), .RN(n558), .Q(
                              |
ncelab: *W,CUVWSP (./DT_syn.v,182|30): 1 output port was not connected:
ncelab: (../CIC_2019_grad/tsmc13_neg.v,18307): QN

  DFFRX2 \sti_addr_reg[0]  ( .D(n243), .CK(clk), .RN(n330), .Q(sti_addr[0]) );
                         |
ncelab: *W,CUVWSP (./DT_syn.v,704|25): 1 output port was not connected:
ncelab: (../CIC_2019_grad/tsmc13_neg.v,18376): QN

  DFFRX2 \sti_addr_reg[9]  ( .D(n234), .CK(clk), .RN(n558), .Q(sti_addr[9]) );
                         |
ncelab: *W,CUVWSP (./DT_syn.v,707|25): 1 output port was not connected:
ncelab: (../CIC_2019_grad/tsmc13_neg.v,18376): QN

  DFFRX2 \sti_addr_reg[4]  ( .D(n239), .CK(clk), .RN(n558), .Q(sti_addr[4]) );
                         |
ncelab: *W,CUVWSP (./DT_syn.v,708|25): 1 output port was not connected:
ncelab: (../CIC_2019_grad/tsmc13_neg.v,18376): QN

  DFFRX2 \sti_addr_reg[3]  ( .D(n240), .CK(clk), .RN(n329), .Q(sti_addr[3]) );
                         |
ncelab: *W,CUVWSP (./DT_syn.v,709|25): 1 output port was not connected:
ncelab: (../CIC_2019_grad/tsmc13_neg.v,18376): QN

  DFFRX2 \sti_addr_reg[2]  ( .D(n241), .CK(clk), .RN(n330), .Q(sti_addr[2]) );
                         |
ncelab: *W,CUVWSP (./DT_syn.v,710|25): 1 output port was not connected:
ncelab: (../CIC_2019_grad/tsmc13_neg.v,18376): QN

  DFFRX2 \sti_addr_reg[1]  ( .D(n242), .CK(clk), .RN(n329), .Q(sti_addr[1]) );
                         |
ncelab: *W,CUVWSP (./DT_syn.v,711|25): 1 output port was not connected:
ncelab: (../CIC_2019_grad/tsmc13_neg.v,18376): QN

  DFFRX2 \sti_addr_reg[5]  ( .D(n238), .CK(clk), .RN(n558), .Q(sti_addr[5]) );
                         |
ncelab: *W,CUVWSP (./DT_syn.v,712|25): 1 output port was not connected:
ncelab: (../CIC_2019_grad/tsmc13_neg.v,18376): QN

  DFFRX2 \sti_addr_reg[6]  ( .D(n237), .CK(clk), .RN(n330), .Q(sti_addr[6]) );
                         |
ncelab: *W,CUVWSP (./DT_syn.v,713|25): 1 output port was not connected:
ncelab: (../CIC_2019_grad/tsmc13_neg.v,18376): QN

  DFFRX2 \sti_addr_reg[7]  ( .D(n236), .CK(clk), .RN(n558), .Q(sti_addr[7]) );
                         |
ncelab: *W,CUVWSP (./DT_syn.v,714|25): 1 output port was not connected:
ncelab: (../CIC_2019_grad/tsmc13_neg.v,18376): QN

  DFFRX2 \sti_addr_reg[8]  ( .D(n235), .CK(clk), .RN(n558), .Q(sti_addr[8]) );
                         |
ncelab: *W,CUVWSP (./DT_syn.v,715|25): 1 output port was not connected:
ncelab: (../CIC_2019_grad/tsmc13_neg.v,18376): QN

  DFFRX2 res_wr_reg ( .D(N131), .CK(clk), .RN(n558), .Q(res_wr) );
                  |
ncelab: *W,CUVWSP (./DT_syn.v,720|18): 1 output port was not connected:
ncelab: (../CIC_2019_grad/tsmc13_neg.v,18376): QN

  DFFRX2 res_rd_reg ( .D(N130), .CK(clk), .RN(n558), .Q(res_rd) );
                  |
ncelab: *W,CUVWSP (./DT_syn.v,721|18): 1 output port was not connected:
ncelab: (../CIC_2019_grad/tsmc13_neg.v,18376): QN

  DFFRX2 sti_rd_reg ( .D(n543), .CK(clk), .RN(n558), .Q(sti_rd) );
                  |
ncelab: *W,CUVWSP (./DT_syn.v,722|18): 1 output port was not connected:
ncelab: (../CIC_2019_grad/tsmc13_neg.v,18376): QN

	Reading SDF file from location "./DT_syn.sdf"
	Annotating SDF timing data:
		Compiled SDF file:     DT_syn.sdf.X
		Log file:              
		Backannotation scope:  testfixture.u_dut
		Configuration file:    
		MTM control:           
		Scale factors:         
		Scale type:            
ncelab: *W,SDFNEP: Unable to annotate to non-existent path (IOPATH (posedge B) S) of instance testfixture.u_dut.\add_203/U1_1_4  of module ADDHX2 <./DT_syn.sdf, line 2054>.
ncelab: *W,SDFNEP: Unable to annotate to non-existent path (IOPATH (negedge B) S) of instance testfixture.u_dut.\add_203/U1_1_4  of module ADDHX2 <./DT_syn.sdf, line 2055>.
ncelab: *W,SDFNEP: Unable to annotate to non-existent path (IOPATH (posedge B) S) of instance testfixture.u_dut.\add_203/U1_1_6  of module ADDHXL <./DT_syn.sdf, line 2087>.
ncelab: *W,SDFNEP: Unable to annotate to non-existent path (IOPATH (negedge B) S) of instance testfixture.u_dut.\add_203/U1_1_6  of module ADDHXL <./DT_syn.sdf, line 2088>.
ncelab: *W,SDFNEP: Unable to annotate to non-existent path (IOPATH (posedge B) Y) of instance testfixture.u_dut.\add_203/U1  of module XOR2X1 <./DT_syn.sdf, line 2102>.
ncelab: *W,SDFNEP: Unable to annotate to non-existent path (IOPATH (negedge B) Y) of instance testfixture.u_dut.\add_203/U1  of module XOR2X1 <./DT_syn.sdf, line 2103>.
ncelab: *W,SDFNEP: Unable to annotate to non-existent path (IOPATH (posedge B) Y) of instance testfixture.u_dut.\add_203/U5  of module XOR2XL <./DT_syn.sdf, line 2147>.
ncelab: *W,SDFNEP: Unable to annotate to non-existent path (IOPATH (negedge B) Y) of instance testfixture.u_dut.\add_203/U5  of module XOR2XL <./DT_syn.sdf, line 2148>.
ncelab: *W,SDFNEP: Unable to annotate to non-existent path (IOPATH (posedge B) Y) of instance testfixture.u_dut.\add_203/U6  of module XOR2XL <./DT_syn.sdf, line 2162>.
ncelab: *W,SDFNEP: Unable to annotate to non-existent path (IOPATH (negedge B) Y) of instance testfixture.u_dut.\add_203/U6  of module XOR2XL <./DT_syn.sdf, line 2163>.
ncelab: *W,SDFNEP: Unable to annotate to non-existent path (IOPATH (posedge A) Y) of instance testfixture.u_dut.\add_203/U8  of module XOR2X1 <./DT_syn.sdf, line 2183>.
ncelab: *W,SDFNEP: Unable to annotate to non-existent path (IOPATH (negedge A) Y) of instance testfixture.u_dut.\add_203/U8  of module XOR2X1 <./DT_syn.sdf, line 2184>.
ncelab: *W,SDFNEP: Unable to annotate to non-existent path (IOPATH (posedge A) Y) of instance testfixture.u_dut.r345.U2 of module XOR2X1 <./DT_syn.sdf, line 2198>.
ncelab: *W,SDFNEP: Unable to annotate to non-existent path (IOPATH (negedge A) Y) of instance testfixture.u_dut.r345.U2 of module XOR2X1 <./DT_syn.sdf, line 2199>.
ncelab: *W,SDFNEP: Unable to annotate to non-existent path (IOPATH (posedge B) Y) of instance testfixture.u_dut.r345.U2 of module XOR2X1 <./DT_syn.sdf, line 2202>.
ncelab: *W,SDFNEP: Unable to annotate to non-existent path (IOPATH (negedge B) Y) of instance testfixture.u_dut.r345.U2 of module XOR2X1 <./DT_syn.sdf, line 2203>.
ncelab: *W,SDFNEP: Unable to annotate to non-existent path (IOPATH (posedge A) S) of instance testfixture.u_dut.r345.U1_1_1 of module ADDHXL <./DT_syn.sdf, line 2225>.
ncelab: *W,SDFNEP: Unable to annotate to non-existent path (IOPATH (negedge A) S) of instance testfixture.u_dut.r345.U1_1_1 of module ADDHXL <./DT_syn.sdf, line 2226>.
ncelab: *W,SDFNEP: Unable to annotate to non-existent path (IOPATH (posedge B) S) of instance testfixture.u_dut.r345.U1_1_1 of module ADDHXL <./DT_syn.sdf, line 2229>.
ncelab: *W,SDFNEP: Unable to annotate to non-existent path (IOPATH (negedge B) S) of instance testfixture.u_dut.r345.U1_1_1 of module ADDHXL <./DT_syn.sdf, line 2230>.
ncelab: *W,SDFNEP: Unable to annotate to non-existent path (IOPATH (posedge A) S) of instance testfixture.u_dut.r345.U1_1_7 of module ADDHXL <./DT_syn.sdf, line 2243>.
ncelab: *W,SDFNEP: Unable to annotate to non-existent path (IOPATH (negedge A) S) of instance testfixture.u_dut.r345.U1_1_7 of module ADDHXL <./DT_syn.sdf, line 2244>.
ncelab: *W,SDFNEP: Unable to annotate to non-existent path (IOPATH (posedge B) S) of instance testfixture.u_dut.r345.U1_1_7 of module ADDHXL <./DT_syn.sdf, line 2247>.
ncelab: *W,SDFNEP: Unable to annotate to non-existent path (IOPATH (negedge B) S) of instance testfixture.u_dut.r345.U1_1_7 of module ADDHXL <./DT_syn.sdf, line 2248>.
ncelab: *W,SDFNEP: Unable to annotate to non-existent path (IOPATH (posedge A) S) of instance testfixture.u_dut.r345.U1_1_6 of module ADDHXL <./DT_syn.sdf, line 2261>.
ncelab: *W,SDFNEP: Unable to annotate to non-existent path (IOPATH (negedge A) S) of instance testfixture.u_dut.r345.U1_1_6 of module ADDHXL <./DT_syn.sdf, line 2262>.
ncelab: *W,SDFNEP: Unable to annotate to non-existent path (IOPATH (posedge B) S) of instance testfixture.u_dut.r345.U1_1_6 of module ADDHXL <./DT_syn.sdf, line 2265>.
ncelab: *W,SDFNEP: Unable to annotate to non-existent path (IOPATH (negedge B) S) of instance testfixture.u_dut.r345.U1_1_6 of module ADDHXL <./DT_syn.sdf, line 2266>.
ncelab: *W,SDFNEP: Unable to annotate to non-existent path (IOPATH (posedge A) S) of instance testfixture.u_dut.r345.U1_1_5 of module ADDHXL <./DT_syn.sdf, line 2279>.
ncelab: *W,SDFNEP: Unable to annotate to non-existent path (IOPATH (negedge A) S) of instance testfixture.u_dut.r345.U1_1_5 of module ADDHXL <./DT_syn.sdf, line 2280>.
ncelab: *W,SDFNEP: Unable to annotate to non-existent path (IOPATH (posedge B) S) of instance testfixture.u_dut.r345.U1_1_5 of module ADDHXL <./DT_syn.sdf, line 2283>.
ncelab: *W,SDFNEP: Unable to annotate to non-existent path (IOPATH (negedge B) S) of instance testfixture.u_dut.r345.U1_1_5 of module ADDHXL <./DT_syn.sdf, line 2284>.
ncelab: *W,SDFNEP: Unable to annotate to non-existent path (IOPATH (posedge A) S) of instance testfixture.u_dut.r345.U1_1_4 of module ADDHXL <./DT_syn.sdf, line 2297>.
ncelab: *W,SDFNEP: Unable to annotate to non-existent path (IOPATH (negedge A) S) of instance testfixture.u_dut.r345.U1_1_4 of module ADDHXL <./DT_syn.sdf, line 2298>.
ncelab: *W,SDFNEP: Unable to annotate to non-existent path (IOPATH (posedge B) S) of instance testfixture.u_dut.r345.U1_1_4 of module ADDHXL <./DT_syn.sdf, line 2301>.
ncelab: *W,SDFNEP: Unable to annotate to non-existent path (IOPATH (negedge B) S) of instance testfixture.u_dut.r345.U1_1_4 of module ADDHXL <./DT_syn.sdf, line 2302>.
ncelab: *W,SDFNEP: Unable to annotate to non-existent path (IOPATH (posedge A) S) of instance testfixture.u_dut.r345.U1_1_3 of module ADDHXL <./DT_syn.sdf, line 2315>.
ncelab: *W,SDFNEP: Unable to annotate to non-existent path (IOPATH (negedge A) S) of instance testfixture.u_dut.r345.U1_1_3 of module ADDHXL <./DT_syn.sdf, line 2316>.
ncelab: *W,SDFNEP: Unable to annotate to non-existent path (IOPATH (posedge B) S) of instance testfixture.u_dut.r345.U1_1_3 of module ADDHXL <./DT_syn.sdf, line 2319>.
ncelab: *W,SDFNEP: Unable to annotate to non-existent path (IOPATH (negedge B) S) of instance testfixture.u_dut.r345.U1_1_3 of module ADDHXL <./DT_syn.sdf, line 2320>.
ncelab: *W,SDFNEP: Unable to annotate to non-existent path (IOPATH (posedge A) S) of instance testfixture.u_dut.r345.U1_1_2 of module ADDHXL <./DT_syn.sdf, line 2333>.
ncelab: *W,SDFNEP: Unable to annotate to non-existent path (IOPATH (negedge A) S) of instance testfixture.u_dut.r345.U1_1_2 of module ADDHXL <./DT_syn.sdf, line 2334>.
ncelab: *W,SDFNEP: Unable to annotate to non-existent path (IOPATH (posedge B) S) of instance testfixture.u_dut.r345.U1_1_2 of module ADDHXL <./DT_syn.sdf, line 2337>.
ncelab: *W,SDFNEP: Unable to annotate to non-existent path (IOPATH (negedge B) S) of instance testfixture.u_dut.r345.U1_1_2 of module ADDHXL <./DT_syn.sdf, line 2338>.
ncelab: *W,SDFNEP: Unable to annotate to non-existent path (IOPATH (posedge A) S) of instance testfixture.u_dut.r345.U1_1_8 of module ADDHXL <./DT_syn.sdf, line 2351>.
ncelab: *W,SDFNEP: Unable to annotate to non-existent path (IOPATH (negedge A) S) of instance testfixture.u_dut.r345.U1_1_8 of module ADDHXL <./DT_syn.sdf, line 2352>.
ncelab: *W,SDFNEP: Unable to annotate to non-existent path (IOPATH (posedge B) S) of instance testfixture.u_dut.r345.U1_1_8 of module ADDHXL <./DT_syn.sdf, line 2355>.
ncelab: *W,SDFNEP: Unable to annotate to non-existent path (IOPATH (negedge B) S) of instance testfixture.u_dut.r345.U1_1_8 of module ADDHXL <./DT_syn.sdf, line 2356>.
ncelab: *W,SDFNEP: Unable to annotate to non-existent path (IOPATH (posedge A) S) of instance testfixture.u_dut.r345.U1_1_9 of module ADDHXL <./DT_syn.sdf, line 2369>.
ncelab: *W,SDFNEP: Unable to annotate to non-existent path (IOPATH (negedge A) S) of instance testfixture.u_dut.r345.U1_1_9 of module ADDHXL <./DT_syn.sdf, line 2370>.
ncelab: *W,SDFNEP: Unable to annotate to non-existent path (IOPATH (posedge B) S) of instance testfixture.u_dut.r345.U1_1_9 of module ADDHXL <./DT_syn.sdf, line 2373>.
ncelab: *W,SDFNEP: Unable to annotate to non-existent path (IOPATH (negedge B) S) of instance testfixture.u_dut.r345.U1_1_9 of module ADDHXL <./DT_syn.sdf, line 2374>.
ncelab: *W,SDFNEP: Unable to annotate to non-existent path (IOPATH (posedge A) S) of instance testfixture.u_dut.r345.U1_1_10 of module ADDHXL <./DT_syn.sdf, line 2387>.
ncelab: *W,SDFNEP: Unable to annotate to non-existent path (IOPATH (negedge A) S) of instance testfixture.u_dut.r345.U1_1_10 of module ADDHXL <./DT_syn.sdf, line 2388>.
ncelab: *W,SDFNEP: Unable to annotate to non-existent path (IOPATH (posedge B) S) of instance testfixture.u_dut.r345.U1_1_10 of module ADDHXL <./DT_syn.sdf, line 2391>.
ncelab: *W,SDFNEP: Unable to annotate to non-existent path (IOPATH (negedge B) S) of instance testfixture.u_dut.r345.U1_1_10 of module ADDHXL <./DT_syn.sdf, line 2392>.
ncelab: *W,SDFNEP: Unable to annotate to non-existent path (IOPATH (posedge A) S) of instance testfixture.u_dut.r345.U1_1_11 of module ADDHXL <./DT_syn.sdf, line 2405>.
ncelab: *W,SDFNEP: Unable to annotate to non-existent path (IOPATH (negedge A) S) of instance testfixture.u_dut.r345.U1_1_11 of module ADDHXL <./DT_syn.sdf, line 2406>.
ncelab: *W,SDFNEP: Unable to annotate to non-existent path (IOPATH (posedge B) S) of instance testfixture.u_dut.r345.U1_1_11 of module ADDHXL <./DT_syn.sdf, line 2409>.
ncelab: *W,SDFNEP: Unable to annotate to non-existent path (IOPATH (negedge B) S) of instance testfixture.u_dut.r345.U1_1_11 of module ADDHXL <./DT_syn.sdf, line 2410>.
ncelab: *W,SDFNEP: Unable to annotate to non-existent path (IOPATH (posedge A) S) of instance testfixture.u_dut.r345.U1_1_12 of module ADDHXL <./DT_syn.sdf, line 2423>.
ncelab: *W,SDFNEP: Unable to annotate to non-existent path (IOPATH (negedge A) S) of instance testfixture.u_dut.r345.U1_1_12 of module ADDHXL <./DT_syn.sdf, line 2424>.
ncelab: *W,SDFNEP: Unable to annotate to non-existent path (IOPATH (posedge B) S) of instance testfixture.u_dut.r345.U1_1_12 of module ADDHXL <./DT_syn.sdf, line 2427>.
ncelab: *W,SDFNEP: Unable to annotate to non-existent path (IOPATH (negedge B) S) of instance testfixture.u_dut.r345.U1_1_12 of module ADDHXL <./DT_syn.sdf, line 2428>.
ncelab: *W,SDFNEP: Unable to annotate to non-existent path (IOPATH (posedge A) Y) of instance testfixture.u_dut.r349.U16 of module XNOR2X1 <./DT_syn.sdf, line 2571>.
ncelab: *W,SDFNEP: Unable to annotate to non-existent path (IOPATH (negedge A) Y) of instance testfixture.u_dut.r349.U16 of module XNOR2X1 <./DT_syn.sdf, line 2572>.
ncelab: *W,SDFNEP: Unable to annotate to non-existent path (IOPATH (posedge B) Y) of instance testfixture.u_dut.r349.U16 of module XNOR2X1 <./DT_syn.sdf, line 2575>.
ncelab: *W,SDFNEP: Unable to annotate to non-existent path (IOPATH (negedge B) Y) of instance testfixture.u_dut.r349.U16 of module XNOR2X1 <./DT_syn.sdf, line 2576>.
ncelab: *W,SDFNEP: Unable to annotate to non-existent path (IOPATH (posedge A) Y) of instance testfixture.u_dut.r349.U14 of module XOR2X1 <./DT_syn.sdf, line 2597>.
ncelab: *W,SDFNEP: Unable to annotate to non-existent path (IOPATH (negedge A) Y) of instance testfixture.u_dut.r349.U14 of module XOR2X1 <./DT_syn.sdf, line 2598>.
ncelab: *W,SDFNEP: Unable to annotate to non-existent path (IOPATH (posedge B) Y) of instance testfixture.u_dut.r349.U14 of module XOR2X1 <./DT_syn.sdf, line 2601>.
ncelab: *W,SDFNEP: Unable to annotate to non-existent path (IOPATH (negedge B) Y) of instance testfixture.u_dut.r349.U14 of module XOR2X1 <./DT_syn.sdf, line 2602>.
ncelab: *W,SDFNEP: Unable to annotate to non-existent path (IOPATH (posedge A) Y) of instance testfixture.u_dut.add_145_S2.U2 of module XOR2X1 <./DT_syn.sdf, line 2748>.
ncelab: *W,SDFNEP: Unable to annotate to non-existent path (IOPATH (negedge A) Y) of instance testfixture.u_dut.add_145_S2.U2 of module XOR2X1 <./DT_syn.sdf, line 2749>.
ncelab: *W,SDFNEP: Unable to annotate to non-existent path (IOPATH (posedge B) Y) of instance testfixture.u_dut.add_145_S2.U2 of module XOR2X1 <./DT_syn.sdf, line 2752>.
ncelab: *W,SDFNEP: Unable to annotate to non-existent path (IOPATH (negedge B) Y) of instance testfixture.u_dut.add_145_S2.U2 of module XOR2X1 <./DT_syn.sdf, line 2753>.
ncelab: *W,SDFNEP: Unable to annotate to non-existent path (IOPATH (posedge A) S) of instance testfixture.u_dut.add_145_S2.U1_1_1 of module ADDHXL <./DT_syn.sdf, line 2775>.
ncelab: *W,SDFNEP: Unable to annotate to non-existent path (IOPATH (negedge A) S) of instance testfixture.u_dut.add_145_S2.U1_1_1 of module ADDHXL <./DT_syn.sdf, line 2776>.
ncelab: *W,SDFNEP: Unable to annotate to non-existent path (IOPATH (posedge B) S) of instance testfixture.u_dut.add_145_S2.U1_1_1 of module ADDHXL <./DT_syn.sdf, line 2779>.
ncelab: *W,SDFNEP: Unable to annotate to non-existent path (IOPATH (negedge B) S) of instance testfixture.u_dut.add_145_S2.U1_1_1 of module ADDHXL <./DT_syn.sdf, line 2780>.
ncelab: *W,SDFNEP: Unable to annotate to non-existent path (IOPATH (posedge A) S) of instance testfixture.u_dut.add_145_S2.U1_1_2 of module ADDHXL <./DT_syn.sdf, line 2793>.
ncelab: *W,SDFNEP: Unable to annotate to non-existent path (IOPATH (negedge A) S) of instance testfixture.u_dut.add_145_S2.U1_1_2 of module ADDHXL <./DT_syn.sdf, line 2794>.
ncelab: *W,SDFNEP: Unable to annotate to non-existent path (IOPATH (posedge B) S) of instance testfixture.u_dut.add_145_S2.U1_1_2 of module ADDHXL <./DT_syn.sdf, line 2797>.
ncelab: *W,SDFNEP: Unable to annotate to non-existent path (IOPATH (negedge B) S) of instance testfixture.u_dut.add_145_S2.U1_1_2 of module ADDHXL <./DT_syn.sdf, line 2798>.
ncelab: *W,SDFNEP: Unable to annotate to non-existent path (IOPATH (posedge A) S) of instance testfixture.u_dut.add_145_S2.U1_1_3 of module ADDHXL <./DT_syn.sdf, line 2811>.
ncelab: *W,SDFNEP: Unable to annotate to non-existent path (IOPATH (negedge A) S) of instance testfixture.u_dut.add_145_S2.U1_1_3 of module ADDHXL <./DT_syn.sdf, line 2812>.
ncelab: *W,SDFNEP: Unable to annotate to non-existent path (IOPATH (posedge B) S) of instance testfixture.u_dut.add_145_S2.U1_1_3 of module ADDHXL <./DT_syn.sdf, line 2815>.
ncelab: *W,SDFNEP: Unable to annotate to non-existent path (IOPATH (negedge B) S) of instance testfixture.u_dut.add_145_S2.U1_1_3 of module ADDHXL <./DT_syn.sdf, line 2816>.
ncelab: *W,SDFNEP: Unable to annotate to non-existent path (IOPATH (posedge A) S) of instance testfixture.u_dut.add_145_S2.U1_1_4 of module ADDHXL <./DT_syn.sdf, line 2829>.
ncelab: *W,SDFNEP: Unable to annotate to non-existent path (IOPATH (negedge A) S) of instance testfixture.u_dut.add_145_S2.U1_1_4 of module ADDHXL <./DT_syn.sdf, line 2830>.
ncelab: *W,SDFNEP: Unable to annotate to non-existent path (IOPATH (posedge B) S) of instance testfixture.u_dut.add_145_S2.U1_1_4 of module ADDHXL <./DT_syn.sdf, line 2833>.
ncelab: *W,SDFNEP: Unable to annotate to non-existent path (IOPATH (negedge B) S) of instance testfixture.u_dut.add_145_S2.U1_1_4 of module ADDHXL <./DT_syn.sdf, line 2834>.
ncelab: *W,SDFNEP: Unable to annotate to non-existent path (IOPATH (posedge A) S) of instance testfixture.u_dut.add_145_S2.U1_1_5 of module ADDHXL <./DT_syn.sdf, line 2847>.
ncelab: *W,SDFNEP: Unable to annotate to non-existent path (IOPATH (negedge A) S) of instance testfixture.u_dut.add_145_S2.U1_1_5 of module ADDHXL <./DT_syn.sdf, line 2848>.
ncelab: *W,SDFNEP: Unable to annotate to non-existent path (IOPATH (posedge B) S) of instance testfixture.u_dut.add_145_S2.U1_1_5 of module ADDHXL <./DT_syn.sdf, line 2851>.
ncelab: *W,SDFNEP: Unable to annotate to non-existent path (IOPATH (negedge B) S) of instance testfixture.u_dut.add_145_S2.U1_1_5 of module ADDHXL <./DT_syn.sdf, line 2852>.
ncelab: *W,SDFNEP: Unable to annotate to non-existent path (IOPATH (posedge A) S) of instance testfixture.u_dut.add_145_S2.U1_1_6 of module ADDHXL <./DT_syn.sdf, line 2865>.
ncelab: *W,SDFNEP: Unable to annotate to non-existent path (IOPATH (negedge A) S) of instance testfixture.u_dut.add_145_S2.U1_1_6 of module ADDHXL <./DT_syn.sdf, line 2866>.
ncelab: *W,SDFNEP: Unable to annotate to non-existent path (IOPATH (posedge B) S) of instance testfixture.u_dut.add_145_S2.U1_1_6 of module ADDHXL <./DT_syn.sdf, line 2869>.
ncelab: *W,SDFNEP: Unable to annotate to non-existent path (IOPATH (negedge B) S) of instance testfixture.u_dut.add_145_S2.U1_1_6 of module ADDHXL <./DT_syn.sdf, line 2870>.
ncelab: *W,SDFNEP: Unable to annotate to non-existent path (IOPATH (posedge A) S) of instance testfixture.u_dut.add_145_S2.U1_1_7 of module ADDHXL <./DT_syn.sdf, line 2883>.
ncelab: *W,SDFNEP: Unable to annotate to non-existent path (IOPATH (negedge A) S) of instance testfixture.u_dut.add_145_S2.U1_1_7 of module ADDHXL <./DT_syn.sdf, line 2884>.
ncelab: *W,SDFNEP: Unable to annotate to non-existent path (IOPATH (posedge B) S) of instance testfixture.u_dut.add_145_S2.U1_1_7 of module ADDHXL <./DT_syn.sdf, line 2887>.
ncelab: *W,SDFNEP: Unable to annotate to non-existent path (IOPATH (negedge B) S) of instance testfixture.u_dut.add_145_S2.U1_1_7 of module ADDHXL <./DT_syn.sdf, line 2888>.
ncelab: *W,SDFNEP: Unable to annotate to non-existent path (IOPATH (posedge A) S) of instance testfixture.u_dut.add_145_S2.U1_1_8 of module ADDHXL <./DT_syn.sdf, line 2901>.
ncelab: *W,SDFNEP: Unable to annotate to non-existent path (IOPATH (negedge A) S) of instance testfixture.u_dut.add_145_S2.U1_1_8 of module ADDHXL <./DT_syn.sdf, line 2902>.
ncelab: *W,SDFNEP: Unable to annotate to non-existent path (IOPATH (posedge B) S) of instance testfixture.u_dut.add_145_S2.U1_1_8 of module ADDHXL <./DT_syn.sdf, line 2905>.
ncelab: *W,SDFNEP: Unable to annotate to non-existent path (IOPATH (negedge B) S) of instance testfixture.u_dut.add_145_S2.U1_1_8 of module ADDHXL <./DT_syn.sdf, line 2906>.
ncelab: *W,SDFNEP: Unable to annotate to non-existent path (IOPATH (posedge A) Y) of instance testfixture.u_dut.add_225_S2.U2 of module XOR2X1 <./DT_syn.sdf, line 2917>.
ncelab: *W,SDFNEP: Unable to annotate to non-existent path (IOPATH (negedge A) Y) of instance testfixture.u_dut.add_225_S2.U2 of module XOR2X1 <./DT_syn.sdf, line 2918>.
ncelab: *W,SDFNEP: Unable to annotate to non-existent path (IOPATH (posedge B) Y) of instance testfixture.u_dut.add_225_S2.U2 of module XOR2X1 <./DT_syn.sdf, line 2921>.
ncelab: *W,SDFNEP: Unable to annotate to non-existent path (IOPATH (negedge B) Y) of instance testfixture.u_dut.add_225_S2.U2 of module XOR2X1 <./DT_syn.sdf, line 2922>.
ncelab: *W,SDFNEP: Unable to annotate to non-existent path (IOPATH (posedge A) S) of instance testfixture.u_dut.add_225_S2.U1_1_1 of module ADDHXL <./DT_syn.sdf, line 2944>.
ncelab: *W,SDFNEP: Unable to annotate to non-existent path (IOPATH (negedge A) S) of instance testfixture.u_dut.add_225_S2.U1_1_1 of module ADDHXL <./DT_syn.sdf, line 2945>.
ncelab: *W,SDFNEP: Unable to annotate to non-existent path (IOPATH (posedge B) S) of instance testfixture.u_dut.add_225_S2.U1_1_1 of module ADDHXL <./DT_syn.sdf, line 2948>.
ncelab: *W,SDFNEP: Unable to annotate to non-existent path (IOPATH (negedge B) S) of instance testfixture.u_dut.add_225_S2.U1_1_1 of module ADDHXL <./DT_syn.sdf, line 2949>.
ncelab: *W,SDFNEP: Unable to annotate to non-existent path (IOPATH (posedge A) S) of instance testfixture.u_dut.add_225_S2.U1_1_2 of module ADDHXL <./DT_syn.sdf, line 2962>.
ncelab: *W,SDFNEP: Unable to annotate to non-existent path (IOPATH (negedge A) S) of instance testfixture.u_dut.add_225_S2.U1_1_2 of module ADDHXL <./DT_syn.sdf, line 2963>.
ncelab: *W,SDFNEP: Unable to annotate to non-existent path (IOPATH (posedge B) S) of instance testfixture.u_dut.add_225_S2.U1_1_2 of module ADDHXL <./DT_syn.sdf, line 2966>.
ncelab: *W,SDFNEP: Unable to annotate to non-existent path (IOPATH (negedge B) S) of instance testfixture.u_dut.add_225_S2.U1_1_2 of module ADDHXL <./DT_syn.sdf, line 2967>.
ncelab: *W,SDFNEP: Unable to annotate to non-existent path (IOPATH (posedge A) S) of instance testfixture.u_dut.add_225_S2.U1_1_3 of module ADDHXL <./DT_syn.sdf, line 2980>.
ncelab: *W,SDFNEP: Unable to annotate to non-existent path (IOPATH (negedge A) S) of instance testfixture.u_dut.add_225_S2.U1_1_3 of module ADDHXL <./DT_syn.sdf, line 2981>.
ncelab: *W,SDFNEP: Unable to annotate to non-existent path (IOPATH (posedge B) S) of instance testfixture.u_dut.add_225_S2.U1_1_3 of module ADDHXL <./DT_syn.sdf, line 2984>.
ncelab: *W,SDFNEP: Unable to annotate to non-existent path (IOPATH (negedge B) S) of instance testfixture.u_dut.add_225_S2.U1_1_3 of module ADDHXL <./DT_syn.sdf, line 2985>.
ncelab: *W,SDFNEP: Unable to annotate to non-existent path (IOPATH (posedge A) S) of instance testfixture.u_dut.add_225_S2.U1_1_4 of module ADDHXL <./DT_syn.sdf, line 2998>.
ncelab: *W,SDFNEP: Unable to annotate to non-existent path (IOPATH (negedge A) S) of instance testfixture.u_dut.add_225_S2.U1_1_4 of module ADDHXL <./DT_syn.sdf, line 2999>.
ncelab: *W,SDFNEP: Unable to annotate to non-existent path (IOPATH (posedge B) S) of instance testfixture.u_dut.add_225_S2.U1_1_4 of module ADDHXL <./DT_syn.sdf, line 3002>.
ncelab: *W,SDFNEP: Unable to annotate to non-existent path (IOPATH (negedge B) S) of instance testfixture.u_dut.add_225_S2.U1_1_4 of module ADDHXL <./DT_syn.sdf, line 3003>.
ncelab: *W,SDFNEP: Unable to annotate to non-existent path (IOPATH (posedge A) S) of instance testfixture.u_dut.add_225_S2.U1_1_5 of module ADDHXL <./DT_syn.sdf, line 3016>.
ncelab: *W,SDFNEP: Unable to annotate to non-existent path (IOPATH (negedge A) S) of instance testfixture.u_dut.add_225_S2.U1_1_5 of module ADDHXL <./DT_syn.sdf, line 3017>.
ncelab: *W,SDFNEP: Unable to annotate to non-existent path (IOPATH (posedge B) S) of instance testfixture.u_dut.add_225_S2.U1_1_5 of module ADDHXL <./DT_syn.sdf, line 3020>.
ncelab: *W,SDFNEP: Unable to annotate to non-existent path (IOPATH (negedge B) S) of instance testfixture.u_dut.add_225_S2.U1_1_5 of module ADDHXL <./DT_syn.sdf, line 3021>.
ncelab: *W,SDFNEP: Unable to annotate to non-existent path (IOPATH (posedge A) S) of instance testfixture.u_dut.add_225_S2.U1_1_6 of module ADDHXL <./DT_syn.sdf, line 3034>.
ncelab: *W,SDFNEP: Unable to annotate to non-existent path (IOPATH (negedge A) S) of instance testfixture.u_dut.add_225_S2.U1_1_6 of module ADDHXL <./DT_syn.sdf, line 3035>.
ncelab: *W,SDFNEP: Unable to annotate to non-existent path (IOPATH (posedge B) S) of instance testfixture.u_dut.add_225_S2.U1_1_6 of module ADDHXL <./DT_syn.sdf, line 3038>.
ncelab: *W,SDFNEP: Unable to annotate to non-existent path (IOPATH (negedge B) S) of instance testfixture.u_dut.add_225_S2.U1_1_6 of module ADDHXL <./DT_syn.sdf, line 3039>.
ncelab: *W,SDFNEP: Unable to annotate to non-existent path (IOPATH (posedge S0) Y) of instance testfixture.u_dut.U619 of module CLKMX2X2 <./DT_syn.sdf, line 3443>.
ncelab: *W,SDFNEP: Unable to annotate to non-existent path (IOPATH (negedge S0) Y) of instance testfixture.u_dut.U619 of module CLKMX2X2 <./DT_syn.sdf, line 3444>.
ncelab: *W,SDFNEP: Unable to annotate to non-existent path (IOPATH (posedge S0) Y) of instance testfixture.u_dut.U618 of module CLKMX2X2 <./DT_syn.sdf, line 3457>.
ncelab: *W,SDFNEP: Unable to annotate to non-existent path (IOPATH (negedge S0) Y) of instance testfixture.u_dut.U618 of module CLKMX2X2 <./DT_syn.sdf, line 3458>.
ncelab: *W,SDFNEP: Unable to annotate to non-existent path (IOPATH (posedge S0) Y) of instance testfixture.u_dut.U617 of module CLKMX2X2 <./DT_syn.sdf, line 3471>.
ncelab: *W,SDFNEP: Unable to annotate to non-existent path (IOPATH (negedge S0) Y) of instance testfixture.u_dut.U617 of module CLKMX2X2 <./DT_syn.sdf, line 3472>.
ncelab: *W,SDFNEP: Unable to annotate to non-existent path (IOPATH (posedge S0) Y) of instance testfixture.u_dut.U616 of module CLKMX2X2 <./DT_syn.sdf, line 3485>.
ncelab: *W,SDFNEP: Unable to annotate to non-existent path (IOPATH (negedge S0) Y) of instance testfixture.u_dut.U616 of module CLKMX2X2 <./DT_syn.sdf, line 3486>.
ncelab: *W,SDFNEP: Unable to annotate to non-existent path (IOPATH (posedge S0) Y) of instance testfixture.u_dut.U615 of module CLKMX2X2 <./DT_syn.sdf, line 3499>.
ncelab: *W,SDFNEP: Unable to annotate to non-existent path (IOPATH (negedge S0) Y) of instance testfixture.u_dut.U615 of module CLKMX2X2 <./DT_syn.sdf, line 3500>.
ncelab: *W,SDFNEP: Unable to annotate to non-existent path (IOPATH (posedge S0) Y) of instance testfixture.u_dut.U614 of module CLKMX2X2 <./DT_syn.sdf, line 3513>.
ncelab: *W,SDFNEP: Unable to annotate to non-existent path (IOPATH (negedge S0) Y) of instance testfixture.u_dut.U614 of module CLKMX2X2 <./DT_syn.sdf, line 3514>.
ncelab: *W,SDFNEP: Unable to annotate to non-existent path (IOPATH (posedge S0) Y) of instance testfixture.u_dut.U613 of module CLKMX2X2 <./DT_syn.sdf, line 3527>.
ncelab: *W,SDFNEP: Unable to annotate to non-existent path (IOPATH (negedge S0) Y) of instance testfixture.u_dut.U613 of module CLKMX2X2 <./DT_syn.sdf, line 3528>.
ncelab: *W,SDFNEP: Unable to annotate to non-existent path (IOPATH (posedge S0) Y) of instance testfixture.u_dut.U612 of module CLKMX2X2 <./DT_syn.sdf, line 3541>.
ncelab: *W,SDFNEP: Unable to annotate to non-existent path (IOPATH (negedge S0) Y) of instance testfixture.u_dut.U612 of module CLKMX2X2 <./DT_syn.sdf, line 3542>.
ncelab: *W,SDFNEP: Unable to annotate to non-existent path (IOPATH (posedge S0) Y) of instance testfixture.u_dut.U611 of module CLKMX2X2 <./DT_syn.sdf, line 3555>.
ncelab: *W,SDFNEP: Unable to annotate to non-existent path (IOPATH (negedge S0) Y) of instance testfixture.u_dut.U611 of module CLKMX2X2 <./DT_syn.sdf, line 3556>.
ncelab: *W,SDFNEP: Unable to annotate to non-existent path (IOPATH (posedge S0) Y) of instance testfixture.u_dut.U610 of module CLKMX2X2 <./DT_syn.sdf, line 3569>.
ncelab: *W,SDFNEP: Unable to annotate to non-existent path (IOPATH (negedge S0) Y) of instance testfixture.u_dut.U610 of module CLKMX2X2 <./DT_syn.sdf, line 3570>.
ncelab: *W,SDFNEP: Unable to annotate to non-existent path (IOPATH (posedge S0) Y) of instance testfixture.u_dut.U542 of module MXI2X1 <./DT_syn.sdf, line 4324>.
ncelab: *W,SDFNEP: Unable to annotate to non-existent path (IOPATH (negedge S0) Y) of instance testfixture.u_dut.U542 of module MXI2X1 <./DT_syn.sdf, line 4325>.
ncelab: *W,SDFNEP: Unable to annotate to non-existent path (IOPATH (posedge A) Y) of instance testfixture.u_dut.U539 of module XNOR2X1 <./DT_syn.sdf, line 4358>.
ncelab: *W,SDFNEP: Unable to annotate to non-existent path (IOPATH (negedge A) Y) of instance testfixture.u_dut.U539 of module XNOR2X1 <./DT_syn.sdf, line 4359>.
ncelab: *W,SDFNEP: Unable to annotate to non-existent path (IOPATH (posedge B) Y) of instance testfixture.u_dut.U539 of module XNOR2X1 <./DT_syn.sdf, line 4362>.
ncelab: *W,SDFNEP: Unable to annotate to non-existent path (IOPATH (negedge B) Y) of instance testfixture.u_dut.U539 of module XNOR2X1 <./DT_syn.sdf, line 4363>.
ncelab: *W,SDFNEP: Unable to annotate to non-existent path (IOPATH (posedge S0) Y) of instance testfixture.u_dut.U484 of module MXI2X1 <./DT_syn.sdf, line 5013>.
ncelab: *W,SDFNEP: Unable to annotate to non-existent path (IOPATH (negedge S0) Y) of instance testfixture.u_dut.U484 of module MXI2X1 <./DT_syn.sdf, line 5014>.
ncelab: *W,SDFNEP: Unable to annotate to non-existent path (IOPATH (posedge A) Y) of instance testfixture.u_dut.U474 of module XNOR2X1 <./DT_syn.sdf, line 5127>.
ncelab: *W,SDFNEP: Unable to annotate to non-existent path (IOPATH (negedge A) Y) of instance testfixture.u_dut.U474 of module XNOR2X1 <./DT_syn.sdf, line 5128>.
ncelab: *W,SDFNEP: Unable to annotate to non-existent path (IOPATH (posedge B) Y) of instance testfixture.u_dut.U474 of module XNOR2X1 <./DT_syn.sdf, line 5131>.
ncelab: *W,SDFNEP: Unable to annotate to non-existent path (IOPATH (negedge B) Y) of instance testfixture.u_dut.U474 of module XNOR2X1 <./DT_syn.sdf, line 5132>.
ncelab: *W,SDFNEP: Unable to annotate to non-existent path (IOPATH (posedge A) Y) of instance testfixture.u_dut.U472 of module XNOR2X1 <./DT_syn.sdf, line 5153>.
ncelab: *W,SDFNEP: Unable to annotate to non-existent path (IOPATH (negedge A) Y) of instance testfixture.u_dut.U472 of module XNOR2X1 <./DT_syn.sdf, line 5154>.
ncelab: *W,SDFNEP: Unable to annotate to non-existent path (IOPATH (posedge B) Y) of instance testfixture.u_dut.U472 of module XNOR2X1 <./DT_syn.sdf, line 5157>.
ncelab: *W,SDFNEP: Unable to annotate to non-existent path (IOPATH (negedge B) Y) of instance testfixture.u_dut.U472 of module XNOR2X1 <./DT_syn.sdf, line 5158>.
ncelab: *W,SDFNEP: Unable to annotate to non-existent path (IOPATH (posedge A) Y) of instance testfixture.u_dut.U470 of module XNOR2X1 <./DT_syn.sdf, line 5179>.
ncelab: *W,SDFNEP: Unable to annotate to non-existent path (IOPATH (negedge A) Y) of instance testfixture.u_dut.U470 of module XNOR2X1 <./DT_syn.sdf, line 5180>.
ncelab: *W,SDFNEP: Unable to annotate to non-existent path (IOPATH (posedge B) Y) of instance testfixture.u_dut.U470 of module XNOR2X1 <./DT_syn.sdf, line 5183>.
ncelab: *W,SDFNEP: Unable to annotate to non-existent path (IOPATH (negedge B) Y) of instance testfixture.u_dut.U470 of module XNOR2X1 <./DT_syn.sdf, line 5184>.
ncelab: *W,SDFNEP: Unable to annotate to non-existent path (IOPATH (posedge A) Y) of instance testfixture.u_dut.U468 of module XNOR2X1 <./DT_syn.sdf, line 5205>.
ncelab: *W,SDFNEP: Unable to annotate to non-existent path (IOPATH (negedge A) Y) of instance testfixture.u_dut.U468 of module XNOR2X1 <./DT_syn.sdf, line 5206>.
ncelab: *W,SDFNEP: Unable to annotate to non-existent path (IOPATH (posedge B) Y) of instance testfixture.u_dut.U468 of module XNOR2X1 <./DT_syn.sdf, line 5209>.
ncelab: *W,SDFNEP: Unable to annotate to non-existent path (IOPATH (negedge B) Y) of instance testfixture.u_dut.U468 of module XNOR2X1 <./DT_syn.sdf, line 5210>.
ncelab: *W,SDFNEP: Unable to annotate to non-existent path (IOPATH (posedge A) Y) of instance testfixture.u_dut.U466 of module XNOR2X1 <./DT_syn.sdf, line 5231>.
ncelab: *W,SDFNEP: Unable to annotate to non-existent path (IOPATH (negedge A) Y) of instance testfixture.u_dut.U466 of module XNOR2X1 <./DT_syn.sdf, line 5232>.
ncelab: *W,SDFNEP: Unable to annotate to non-existent path (IOPATH (posedge B) Y) of instance testfixture.u_dut.U466 of module XNOR2X1 <./DT_syn.sdf, line 5235>.
ncelab: *W,SDFNEP: Unable to annotate to non-existent path (IOPATH (negedge B) Y) of instance testfixture.u_dut.U466 of module XNOR2X1 <./DT_syn.sdf, line 5236>.
ncelab: *W,SDFNEP: Unable to annotate to non-existent path (IOPATH (posedge A) Y) of instance testfixture.u_dut.U464 of module XOR2X1 <./DT_syn.sdf, line 5257>.
ncelab: *W,SDFNEP: Unable to annotate to non-existent path (IOPATH (negedge A) Y) of instance testfixture.u_dut.U464 of module XOR2X1 <./DT_syn.sdf, line 5258>.
ncelab: *W,SDFNEP: Unable to annotate to non-existent path (IOPATH (posedge B) Y) of instance testfixture.u_dut.U464 of module XOR2X1 <./DT_syn.sdf, line 5261>.
ncelab: *W,SDFNEP: Unable to annotate to non-existent path (IOPATH (negedge B) Y) of instance testfixture.u_dut.U464 of module XOR2X1 <./DT_syn.sdf, line 5262>.
ncelab: *W,SDFNEP: Unable to annotate to non-existent path (IOPATH (posedge A) Y) of instance testfixture.u_dut.U462 of module XOR2X1 <./DT_syn.sdf, line 5283>.
ncelab: *W,SDFNEP: Unable to annotate to non-existent path (IOPATH (negedge A) Y) of instance testfixture.u_dut.U462 of module XOR2X1 <./DT_syn.sdf, line 5284>.
ncelab: *W,SDFNEP: Unable to annotate to non-existent path (IOPATH (posedge B) Y) of instance testfixture.u_dut.U462 of module XOR2X1 <./DT_syn.sdf, line 5287>.
ncelab: *W,SDFNEP: Unable to annotate to non-existent path (IOPATH (negedge B) Y) of instance testfixture.u_dut.U462 of module XOR2X1 <./DT_syn.sdf, line 5288>.
ncelab: *W,SDFNEP: Unable to annotate to non-existent path (IOPATH (posedge A) Y) of instance testfixture.u_dut.U460 of module XOR2X1 <./DT_syn.sdf, line 5309>.
ncelab: *W,SDFNEP: Unable to annotate to non-existent path (IOPATH (negedge A) Y) of instance testfixture.u_dut.U460 of module XOR2X1 <./DT_syn.sdf, line 5310>.
ncelab: *W,SDFNEP: Unable to annotate to non-existent path (IOPATH (posedge B) Y) of instance testfixture.u_dut.U460 of module XOR2X1 <./DT_syn.sdf, line 5313>.
ncelab: *W,SDFNEP: Unable to annotate to non-existent path (IOPATH (negedge B) Y) of instance testfixture.u_dut.U460 of module XOR2X1 <./DT_syn.sdf, line 5314>.
ncelab: *W,SDFNEP: Unable to annotate to non-existent path (IOPATH (posedge A) Y) of instance testfixture.u_dut.U458 of module XOR2X1 <./DT_syn.sdf, line 5335>.
ncelab: *W,SDFNEP: Unable to annotate to non-existent path (IOPATH (negedge A) Y) of instance testfixture.u_dut.U458 of module XOR2X1 <./DT_syn.sdf, line 5336>.
ncelab: *W,SDFNEP: Unable to annotate to non-existent path (IOPATH (posedge B) Y) of instance testfixture.u_dut.U458 of module XOR2X1 <./DT_syn.sdf, line 5339>.
ncelab: *W,SDFNEP: Unable to annotate to non-existent path (IOPATH (negedge B) Y) of instance testfixture.u_dut.U458 of module XOR2X1 <./DT_syn.sdf, line 5340>.
ncelab: *W,SDFNEP: Unable to annotate to non-existent path (IOPATH (posedge A) Y) of instance testfixture.u_dut.U456 of module XOR2X1 <./DT_syn.sdf, line 5361>.
ncelab: *W,SDFNEP: Unable to annotate to non-existent path (IOPATH (negedge A) Y) of instance testfixture.u_dut.U456 of module XOR2X1 <./DT_syn.sdf, line 5362>.
ncelab: *W,SDFNEP: Unable to annotate to non-existent path (IOPATH (posedge B) Y) of instance testfixture.u_dut.U456 of module XOR2X1 <./DT_syn.sdf, line 5365>.
ncelab: *W,SDFNEP: Unable to annotate to non-existent path (IOPATH (negedge B) Y) of instance testfixture.u_dut.U456 of module XOR2X1 <./DT_syn.sdf, line 5366>.
ncelab: *W,SDFNEP: Unable to annotate to non-existent path (IOPATH (posedge A) Y) of instance testfixture.u_dut.U454 of module XOR2X1 <./DT_syn.sdf, line 5387>.
ncelab: *W,SDFNEP: Unable to annotate to non-existent path (IOPATH (negedge A) Y) of instance testfixture.u_dut.U454 of module XOR2X1 <./DT_syn.sdf, line 5388>.
ncelab: *W,SDFNEP: Unable to annotate to non-existent path (IOPATH (posedge B) Y) of instance testfixture.u_dut.U454 of module XOR2X1 <./DT_syn.sdf, line 5391>.
ncelab: *W,SDFNEP: Unable to annotate to non-existent path (IOPATH (negedge B) Y) of instance testfixture.u_dut.U454 of module XOR2X1 <./DT_syn.sdf, line 5392>.
ncelab: *W,SDFNEP: Unable to annotate to non-existent path (IOPATH (posedge A) Y) of instance testfixture.u_dut.U452 of module XOR2X1 <./DT_syn.sdf, line 5413>.
ncelab: *W,SDFNEP: Unable to annotate to non-existent path (IOPATH (negedge A) Y) of instance testfixture.u_dut.U452 of module XOR2X1 <./DT_syn.sdf, line 5414>.
ncelab: *W,SDFNEP: Unable to annotate to non-existent path (IOPATH (posedge B) Y) of instance testfixture.u_dut.U452 of module XOR2X1 <./DT_syn.sdf, line 5417>.
ncelab: *W,SDFNEP: Unable to annotate to non-existent path (IOPATH (negedge B) Y) of instance testfixture.u_dut.U452 of module XOR2X1 <./DT_syn.sdf, line 5418>.
ncelab: *W,SDFNEP: Unable to annotate to non-existent path (IOPATH (posedge A) Y) of instance testfixture.u_dut.U451 of module XOR2X1 <./DT_syn.sdf, line 5429>.
ncelab: *W,SDFNEP: Unable to annotate to non-existent path (IOPATH (negedge A) Y) of instance testfixture.u_dut.U451 of module XOR2X1 <./DT_syn.sdf, line 5430>.
ncelab: *W,SDFNEP: Unable to annotate to non-existent path (IOPATH (posedge B) Y) of instance testfixture.u_dut.U451 of module XOR2X1 <./DT_syn.sdf, line 5433>.
ncelab: *W,SDFNEP: Unable to annotate to non-existent path (IOPATH (negedge B) Y) of instance testfixture.u_dut.U451 of module XOR2X1 <./DT_syn.sdf, line 5434>.
ncelab: *W,SDFNEP: Unable to annotate to non-existent path (IOPATH (posedge A) Y) of instance testfixture.u_dut.U449 of module XOR2X1 <./DT_syn.sdf, line 5455>.
ncelab: *W,SDFNEP: Unable to annotate to non-existent path (IOPATH (negedge A) Y) of instance testfixture.u_dut.U449 of module XOR2X1 <./DT_syn.sdf, line 5456>.
ncelab: *W,SDFNEP: Unable to annotate to non-existent path (IOPATH (posedge B) Y) of instance testfixture.u_dut.U449 of module XOR2X1 <./DT_syn.sdf, line 5459>.
ncelab: *W,SDFNEP: Unable to annotate to non-existent path (IOPATH (negedge B) Y) of instance testfixture.u_dut.U449 of module XOR2X1 <./DT_syn.sdf, line 5460>.
ncelab: *W,SDFNEP: Unable to annotate to non-existent path (IOPATH (posedge A) Y) of instance testfixture.u_dut.U447 of module XOR2X1 <./DT_syn.sdf, line 5481>.
ncelab: *W,SDFNEP: Unable to annotate to non-existent path (IOPATH (negedge A) Y) of instance testfixture.u_dut.U447 of module XOR2X1 <./DT_syn.sdf, line 5482>.
ncelab: *W,SDFNEP: Unable to annotate to non-existent path (IOPATH (posedge B) Y) of instance testfixture.u_dut.U447 of module XOR2X1 <./DT_syn.sdf, line 5485>.
ncelab: *W,SDFNEP: Unable to annotate to non-existent path (IOPATH (negedge B) Y) of instance testfixture.u_dut.U447 of module XOR2X1 <./DT_syn.sdf, line 5486>.
ncelab: *W,SDFNEP: Unable to annotate to non-existent path (IOPATH (posedge A) Y) of instance testfixture.u_dut.U445 of module XOR2X1 <./DT_syn.sdf, line 5507>.
ncelab: *W,SDFNEP: Unable to annotate to non-existent path (IOPATH (negedge A) Y) of instance testfixture.u_dut.U445 of module XOR2X1 <./DT_syn.sdf, line 5508>.
ncelab: *W,SDFNEP: Unable to annotate to non-existent path (IOPATH (posedge B) Y) of instance testfixture.u_dut.U445 of module XOR2X1 <./DT_syn.sdf, line 5511>.
ncelab: *W,SDFNEP: Unable to annotate to non-existent path (IOPATH (negedge B) Y) of instance testfixture.u_dut.U445 of module XOR2X1 <./DT_syn.sdf, line 5512>.
ncelab: *W,SDFNEP: Unable to annotate to non-existent path (IOPATH (posedge A) Y) of instance testfixture.u_dut.U443 of module XOR2X1 <./DT_syn.sdf, line 5533>.
ncelab: *W,SDFNEP: Unable to annotate to non-existent path (IOPATH (negedge A) Y) of instance testfixture.u_dut.U443 of module XOR2X1 <./DT_syn.sdf, line 5534>.
ncelab: *W,SDFNEP: Unable to annotate to non-existent path (IOPATH (posedge B) Y) of instance testfixture.u_dut.U443 of module XOR2X1 <./DT_syn.sdf, line 5537>.
ncelab: *W,SDFNEP: Unable to annotate to non-existent path (IOPATH (negedge B) Y) of instance testfixture.u_dut.U443 of module XOR2X1 <./DT_syn.sdf, line 5538>.
ncelab: *W,SDFNEP: Unable to annotate to non-existent path (IOPATH (posedge A) Y) of instance testfixture.u_dut.U441 of module XNOR2X1 <./DT_syn.sdf, line 5559>.
ncelab: *W,SDFNEP: Unable to annotate to non-existent path (IOPATH (negedge A) Y) of instance testfixture.u_dut.U441 of module XNOR2X1 <./DT_syn.sdf, line 5560>.
ncelab: *W,SDFNEP: Unable to annotate to non-existent path (IOPATH (posedge B) Y) of instance testfixture.u_dut.U441 of module XNOR2X1 <./DT_syn.sdf, line 5563>.
ncelab: *W,SDFNEP: Unable to annotate to non-existent path (IOPATH (negedge B) Y) of instance testfixture.u_dut.U441 of module XNOR2X1 <./DT_syn.sdf, line 5564>.
ncelab: *W,SDFNEP: Unable to annotate to non-existent path (IOPATH (posedge A) Y) of instance testfixture.u_dut.U439 of module XNOR2X1 <./DT_syn.sdf, line 5585>.
ncelab: *W,SDFNEP: Unable to annotate to non-existent path (IOPATH (negedge A) Y) of instance testfixture.u_dut.U439 of module XNOR2X1 <./DT_syn.sdf, line 5586>.
ncelab: *W,SDFNEP: Unable to annotate to non-existent path (IOPATH (posedge B) Y) of instance testfixture.u_dut.U439 of module XNOR2X1 <./DT_syn.sdf, line 5589>.
ncelab: *W,SDFNEP: Unable to annotate to non-existent path (IOPATH (negedge B) Y) of instance testfixture.u_dut.U439 of module XNOR2X1 <./DT_syn.sdf, line 5590>.
ncelab: *W,SDFNEP: Unable to annotate to non-existent path (IOPATH (posedge A) Y) of instance testfixture.u_dut.U437 of module XNOR2X1 <./DT_syn.sdf, line 5611>.
ncelab: *W,SDFNEP: Unable to annotate to non-existent path (IOPATH (negedge A) Y) of instance testfixture.u_dut.U437 of module XNOR2X1 <./DT_syn.sdf, line 5612>.
ncelab: *W,SDFNEP: Unable to annotate to non-existent path (IOPATH (posedge B) Y) of instance testfixture.u_dut.U437 of module XNOR2X1 <./DT_syn.sdf, line 5615>.
ncelab: *W,SDFNEP: Unable to annotate to non-existent path (IOPATH (negedge B) Y) of instance testfixture.u_dut.U437 of module XNOR2X1 <./DT_syn.sdf, line 5616>.
ncelab: *W,SDFNEP: Unable to annotate to non-existent path (IOPATH (posedge A) Y) of instance testfixture.u_dut.U435 of module XNOR2X1 <./DT_syn.sdf, line 5637>.
ncelab: *W,SDFNEP: Unable to annotate to non-existent path (IOPATH (negedge A) Y) of instance testfixture.u_dut.U435 of module XNOR2X1 <./DT_syn.sdf, line 5638>.
ncelab: *W,SDFNEP: Unable to annotate to non-existent path (IOPATH (posedge B) Y) of instance testfixture.u_dut.U435 of module XNOR2X1 <./DT_syn.sdf, line 5641>.
ncelab: *W,SDFNEP: Unable to annotate to non-existent path (IOPATH (negedge B) Y) of instance testfixture.u_dut.U435 of module XNOR2X1 <./DT_syn.sdf, line 5642>.
ncelab: *W,SDFNEP: Unable to annotate to non-existent path (IOPATH (posedge A) Y) of instance testfixture.u_dut.U433 of module XNOR2X1 <./DT_syn.sdf, line 5663>.
ncelab: *W,SDFNEP: Unable to annotate to non-existent path (IOPATH (negedge A) Y) of instance testfixture.u_dut.U433 of module XNOR2X1 <./DT_syn.sdf, line 5664>.
ncelab: *W,SDFNEP: Unable to annotate to non-existent path (IOPATH (posedge B) Y) of instance testfixture.u_dut.U433 of module XNOR2X1 <./DT_syn.sdf, line 5667>.
ncelab: *W,SDFNEP: Unable to annotate to non-existent path (IOPATH (negedge B) Y) of instance testfixture.u_dut.U433 of module XNOR2X1 <./DT_syn.sdf, line 5668>.
ncelab: *W,SDFNEP: Unable to annotate to non-existent path (IOPATH (posedge A) Y) of instance testfixture.u_dut.U431 of module XNOR2X1 <./DT_syn.sdf, line 5689>.
ncelab: *W,SDFNEP: Unable to annotate to non-existent path (IOPATH (negedge A) Y) of instance testfixture.u_dut.U431 of module XNOR2X1 <./DT_syn.sdf, line 5690>.
ncelab: *W,SDFNEP: Unable to annotate to non-existent path (IOPATH (posedge B) Y) of instance testfixture.u_dut.U431 of module XNOR2X1 <./DT_syn.sdf, line 5693>.
ncelab: *W,SDFNEP: Unable to annotate to non-existent path (IOPATH (negedge B) Y) of instance testfixture.u_dut.U431 of module XNOR2X1 <./DT_syn.sdf, line 5694>.
ncelab: *W,SDFNEP: Unable to annotate to non-existent path (IOPATH (posedge A) Y) of instance testfixture.u_dut.U429 of module XNOR2X1 <./DT_syn.sdf, line 5715>.
ncelab: *W,SDFNEP: Unable to annotate to non-existent path (IOPATH (negedge A) Y) of instance testfixture.u_dut.U429 of module XNOR2X1 <./DT_syn.sdf, line 5716>.
ncelab: *W,SDFNEP: Unable to annotate to non-existent path (IOPATH (posedge B) Y) of instance testfixture.u_dut.U429 of module XNOR2X1 <./DT_syn.sdf, line 5719>.
ncelab: *W,SDFNEP: Unable to annotate to non-existent path (IOPATH (negedge B) Y) of instance testfixture.u_dut.U429 of module XNOR2X1 <./DT_syn.sdf, line 5720>.
ncelab: *W,SDFNEP: Unable to annotate to non-existent path (IOPATH (posedge A) Y) of instance testfixture.u_dut.U428 of module XNOR2X1 <./DT_syn.sdf, line 5731>.
ncelab: *W,SDFNEP: Unable to annotate to non-existent path (IOPATH (negedge A) Y) of instance testfixture.u_dut.U428 of module XNOR2X1 <./DT_syn.sdf, line 5732>.
ncelab: *W,SDFNEP: Unable to annotate to non-existent path (IOPATH (posedge B) Y) of instance testfixture.u_dut.U428 of module XNOR2X1 <./DT_syn.sdf, line 5735>.
ncelab: *W,SDFNEP: Unable to annotate to non-existent path (IOPATH (negedge B) Y) of instance testfixture.u_dut.U428 of module XNOR2X1 <./DT_syn.sdf, line 5736>.
ncelab: *W,SDFNEP: Unable to annotate to non-existent path (IOPATH (posedge A) Y) of instance testfixture.u_dut.U426 of module XNOR2X1 <./DT_syn.sdf, line 5757>.
ncelab: *W,SDFNEP: Unable to annotate to non-existent path (IOPATH (negedge A) Y) of instance testfixture.u_dut.U426 of module XNOR2X1 <./DT_syn.sdf, line 5758>.
ncelab: *W,SDFNEP: Unable to annotate to non-existent path (IOPATH (posedge B) Y) of instance testfixture.u_dut.U426 of module XNOR2X1 <./DT_syn.sdf, line 5761>.
ncelab: *W,SDFNEP: Unable to annotate to non-existent path (IOPATH (negedge B) Y) of instance testfixture.u_dut.U426 of module XNOR2X1 <./DT_syn.sdf, line 5762>.
ncelab: *W,SDFNEP: Unable to annotate to non-existent path (IOPATH (posedge A) Y) of instance testfixture.u_dut.U424 of module XNOR2X1 <./DT_syn.sdf, line 5783>.
ncelab: *W,SDFNEP: Unable to annotate to non-existent path (IOPATH (negedge A) Y) of instance testfixture.u_dut.U424 of module XNOR2X1 <./DT_syn.sdf, line 5784>.
ncelab: *W,SDFNEP: Unable to annotate to non-existent path (IOPATH (posedge B) Y) of instance testfixture.u_dut.U424 of module XNOR2X1 <./DT_syn.sdf, line 5787>.
ncelab: *W,SDFNEP: Unable to annotate to non-existent path (IOPATH (negedge B) Y) of instance testfixture.u_dut.U424 of module XNOR2X1 <./DT_syn.sdf, line 5788>.
ncelab: *W,SDFNEP: Unable to annotate to non-existent path (IOPATH (posedge A) Y) of instance testfixture.u_dut.U422 of module XNOR2X1 <./DT_syn.sdf, line 5809>.
ncelab: *W,SDFNEP: Unable to annotate to non-existent path (IOPATH (negedge A) Y) of instance testfixture.u_dut.U422 of module XNOR2X1 <./DT_syn.sdf, line 5810>.
ncelab: *W,SDFNEP: Unable to annotate to non-existent path (IOPATH (posedge B) Y) of instance testfixture.u_dut.U422 of module XNOR2X1 <./DT_syn.sdf, line 5813>.
ncelab: *W,SDFNEP: Unable to annotate to non-existent path (IOPATH (negedge B) Y) of instance testfixture.u_dut.U422 of module XNOR2X1 <./DT_syn.sdf, line 5814>.
ncelab: *W,SDFNEP: Unable to annotate to non-existent path (IOPATH (posedge A) Y) of instance testfixture.u_dut.U420 of module XNOR2X1 <./DT_syn.sdf, line 5835>.
ncelab: *W,SDFNEP: Unable to annotate to non-existent path (IOPATH (negedge A) Y) of instance testfixture.u_dut.U420 of module XNOR2X1 <./DT_syn.sdf, line 5836>.
ncelab: *W,SDFNEP: Unable to annotate to non-existent path (IOPATH (posedge B) Y) of instance testfixture.u_dut.U420 of module XNOR2X1 <./DT_syn.sdf, line 5839>.
ncelab: *W,SDFNEP: Unable to annotate to non-existent path (IOPATH (negedge B) Y) of instance testfixture.u_dut.U420 of module XNOR2X1 <./DT_syn.sdf, line 5840>.
ncelab: *W,SDFNEP: Unable to annotate to non-existent path (IOPATH (posedge A) Y) of instance testfixture.u_dut.U418 of module XNOR2X1 <./DT_syn.sdf, line 5861>.
ncelab: *W,SDFNEP: Unable to annotate to non-existent path (IOPATH (negedge A) Y) of instance testfixture.u_dut.U418 of module XNOR2X1 <./DT_syn.sdf, line 5862>.
ncelab: *W,SDFNEP: Unable to annotate to non-existent path (IOPATH (posedge B) Y) of instance testfixture.u_dut.U418 of module XNOR2X1 <./DT_syn.sdf, line 5865>.
ncelab: *W,SDFNEP: Unable to annotate to non-existent path (IOPATH (negedge B) Y) of instance testfixture.u_dut.U418 of module XNOR2X1 <./DT_syn.sdf, line 5866>.
ncelab: *W,SDFNEP: Unable to annotate to non-existent path (IOPATH (posedge A) Y) of instance testfixture.u_dut.U416 of module XOR2X1 <./DT_syn.sdf, line 5887>.
ncelab: *W,SDFNEP: Unable to annotate to non-existent path (IOPATH (negedge A) Y) of instance testfixture.u_dut.U416 of module XOR2X1 <./DT_syn.sdf, line 5888>.
ncelab: *W,SDFNEP: Unable to annotate to non-existent path (IOPATH (posedge B) Y) of instance testfixture.u_dut.U416 of module XOR2X1 <./DT_syn.sdf, line 5891>.
ncelab: *W,SDFNEP: Unable to annotate to non-existent path (IOPATH (negedge B) Y) of instance testfixture.u_dut.U416 of module XOR2X1 <./DT_syn.sdf, line 5892>.
ncelab: *W,SDFNEP: Unable to annotate to non-existent path (IOPATH (posedge A) Y) of instance testfixture.u_dut.U414 of module XNOR2X1 <./DT_syn.sdf, line 5913>.
ncelab: *W,SDFNEP: Unable to annotate to non-existent path (IOPATH (negedge A) Y) of instance testfixture.u_dut.U414 of module XNOR2X1 <./DT_syn.sdf, line 5914>.
ncelab: *W,SDFNEP: Unable to annotate to non-existent path (IOPATH (posedge B) Y) of instance testfixture.u_dut.U414 of module XNOR2X1 <./DT_syn.sdf, line 5917>.
ncelab: *W,SDFNEP: Unable to annotate to non-existent path (IOPATH (negedge B) Y) of instance testfixture.u_dut.U414 of module XNOR2X1 <./DT_syn.sdf, line 5918>.
ncelab: *W,SDFNEP: Unable to annotate to non-existent path (IOPATH (posedge A) Y) of instance testfixture.u_dut.U412 of module XNOR2X1 <./DT_syn.sdf, line 5939>.
ncelab: *W,SDFNEP: Unable to annotate to non-existent path (IOPATH (negedge A) Y) of instance testfixture.u_dut.U412 of module XNOR2X1 <./DT_syn.sdf, line 5940>.
ncelab: *W,SDFNEP: Unable to annotate to non-existent path (IOPATH (posedge B) Y) of instance testfixture.u_dut.U412 of module XNOR2X1 <./DT_syn.sdf, line 5943>.
ncelab: *W,SDFNEP: Unable to annotate to non-existent path (IOPATH (negedge B) Y) of instance testfixture.u_dut.U412 of module XNOR2X1 <./DT_syn.sdf, line 5944>.
ncelab: *W,SDFNEP: Unable to annotate to non-existent path (IOPATH (posedge A) Y) of instance testfixture.u_dut.U410 of module XNOR2X1 <./DT_syn.sdf, line 5965>.
ncelab: *W,SDFNEP: Unable to annotate to non-existent path (IOPATH (negedge A) Y) of instance testfixture.u_dut.U410 of module XNOR2X1 <./DT_syn.sdf, line 5966>.
ncelab: *W,SDFNEP: Unable to annotate to non-existent path (IOPATH (posedge B) Y) of instance testfixture.u_dut.U410 of module XNOR2X1 <./DT_syn.sdf, line 5969>.
ncelab: *W,SDFNEP: Unable to annotate to non-existent path (IOPATH (negedge B) Y) of instance testfixture.u_dut.U410 of module XNOR2X1 <./DT_syn.sdf, line 5970>.
ncelab: *W,SDFNEP: Unable to annotate to non-existent path (IOPATH (posedge A) Y) of instance testfixture.u_dut.U408 of module XNOR2X1 <./DT_syn.sdf, line 5991>.
ncelab: *W,SDFNEP: Unable to annotate to non-existent path (IOPATH (negedge A) Y) of instance testfixture.u_dut.U408 of module XNOR2X1 <./DT_syn.sdf, line 5992>.
ncelab: *W,SDFNEP: Unable to annotate to non-existent path (IOPATH (posedge B) Y) of instance testfixture.u_dut.U408 of module XNOR2X1 <./DT_syn.sdf, line 5995>.
ncelab: *W,SDFNEP: Unable to annotate to non-existent path (IOPATH (negedge B) Y) of instance testfixture.u_dut.U408 of module XNOR2X1 <./DT_syn.sdf, line 5996>.
ncelab: *W,SDFNEP: Unable to annotate to non-existent path (IOPATH (posedge A) Y) of instance testfixture.u_dut.U406 of module XNOR2X1 <./DT_syn.sdf, line 6017>.
ncelab: *W,SDFNEP: Unable to annotate to non-existent path (IOPATH (negedge A) Y) of instance testfixture.u_dut.U406 of module XNOR2X1 <./DT_syn.sdf, line 6018>.
ncelab: *W,SDFNEP: Unable to annotate to non-existent path (IOPATH (posedge B) Y) of instance testfixture.u_dut.U406 of module XNOR2X1 <./DT_syn.sdf, line 6021>.
ncelab: *W,SDFNEP: Unable to annotate to non-existent path (IOPATH (negedge B) Y) of instance testfixture.u_dut.U406 of module XNOR2X1 <./DT_syn.sdf, line 6022>.
ncelab: *W,SDFNEP: Unable to annotate to non-existent path (IOPATH (posedge A) Y) of instance testfixture.u_dut.U404 of module XNOR2X1 <./DT_syn.sdf, line 6043>.
ncelab: *W,SDFNEP: Unable to annotate to non-existent path (IOPATH (negedge A) Y) of instance testfixture.u_dut.U404 of module XNOR2X1 <./DT_syn.sdf, line 6044>.
ncelab: *W,SDFNEP: Unable to annotate to non-existent path (IOPATH (posedge B) Y) of instance testfixture.u_dut.U404 of module XNOR2X1 <./DT_syn.sdf, line 6047>.
ncelab: *W,SDFNEP: Unable to annotate to non-existent path (IOPATH (negedge B) Y) of instance testfixture.u_dut.U404 of module XNOR2X1 <./DT_syn.sdf, line 6048>.
ncelab: *W,SDFNEP: Unable to annotate to non-existent path (IOPATH (posedge A) Y) of instance testfixture.u_dut.U403 of module XOR2X1 <./DT_syn.sdf, line 6059>.
ncelab: *W,SDFNEP: Unable to annotate to non-existent path (IOPATH (negedge A) Y) of instance testfixture.u_dut.U403 of module XOR2X1 <./DT_syn.sdf, line 6060>.
ncelab: *W,SDFNEP: Unable to annotate to non-existent path (IOPATH (posedge B) Y) of instance testfixture.u_dut.U403 of module XOR2X1 <./DT_syn.sdf, line 6063>.
ncelab: *W,SDFNEP: Unable to annotate to non-existent path (IOPATH (negedge B) Y) of instance testfixture.u_dut.U403 of module XOR2X1 <./DT_syn.sdf, line 6064>.
ncelab: *W,SDFNEP: Unable to annotate to non-existent path (IOPATH (posedge A) Y) of instance testfixture.u_dut.U401 of module XOR2X1 <./DT_syn.sdf, line 6085>.
ncelab: *W,SDFNEP: Unable to annotate to non-existent path (IOPATH (negedge A) Y) of instance testfixture.u_dut.U401 of module XOR2X1 <./DT_syn.sdf, line 6086>.
ncelab: *W,SDFNEP: Unable to annotate to non-existent path (IOPATH (posedge B) Y) of instance testfixture.u_dut.U401 of module XOR2X1 <./DT_syn.sdf, line 6089>.
ncelab: *W,SDFNEP: Unable to annotate to non-existent path (IOPATH (negedge B) Y) of instance testfixture.u_dut.U401 of module XOR2X1 <./DT_syn.sdf, line 6090>.
ncelab: *W,SDFNEP: Unable to annotate to non-existent path (IOPATH (posedge A) Y) of instance testfixture.u_dut.U399 of module XOR2X1 <./DT_syn.sdf, line 6111>.
ncelab: *W,SDFNEP: Unable to annotate to non-existent path (IOPATH (negedge A) Y) of instance testfixture.u_dut.U399 of module XOR2X1 <./DT_syn.sdf, line 6112>.
ncelab: *W,SDFNEP: Unable to annotate to non-existent path (IOPATH (posedge B) Y) of instance testfixture.u_dut.U399 of module XOR2X1 <./DT_syn.sdf, line 6115>.
ncelab: *W,SDFNEP: Unable to annotate to non-existent path (IOPATH (negedge B) Y) of instance testfixture.u_dut.U399 of module XOR2X1 <./DT_syn.sdf, line 6116>.
ncelab: *W,SDFNEP: Unable to annotate to non-existent path (IOPATH (posedge A) Y) of instance testfixture.u_dut.U397 of module XOR2X1 <./DT_syn.sdf, line 6137>.
ncelab: *W,SDFNEP: Unable to annotate to non-existent path (IOPATH (negedge A) Y) of instance testfixture.u_dut.U397 of module XOR2X1 <./DT_syn.sdf, line 6138>.
ncelab: *W,SDFNEP: Unable to annotate to non-existent path (IOPATH (posedge B) Y) of instance testfixture.u_dut.U397 of module XOR2X1 <./DT_syn.sdf, line 6141>.
ncelab: *W,SDFNEP: Unable to annotate to non-existent path (IOPATH (negedge B) Y) of instance testfixture.u_dut.U397 of module XOR2X1 <./DT_syn.sdf, line 6142>.
ncelab: *W,SDFNEP: Unable to annotate to non-existent path (IOPATH (posedge A) Y) of instance testfixture.u_dut.U395 of module XOR2X1 <./DT_syn.sdf, line 6163>.
ncelab: *W,SDFNEP: Unable to annotate to non-existent path (IOPATH (negedge A) Y) of instance testfixture.u_dut.U395 of module XOR2X1 <./DT_syn.sdf, line 6164>.
ncelab: *W,SDFNEP: Unable to annotate to non-existent path (IOPATH (posedge B) Y) of instance testfixture.u_dut.U395 of module XOR2X1 <./DT_syn.sdf, line 6167>.
ncelab: *W,SDFNEP: Unable to annotate to non-existent path (IOPATH (negedge B) Y) of instance testfixture.u_dut.U395 of module XOR2X1 <./DT_syn.sdf, line 6168>.
ncelab: *W,SDFNEP: Unable to annotate to non-existent path (IOPATH (posedge A) Y) of instance testfixture.u_dut.U393 of module XOR2X1 <./DT_syn.sdf, line 6189>.
ncelab: *W,SDFNEP: Unable to annotate to non-existent path (IOPATH (negedge A) Y) of instance testfixture.u_dut.U393 of module XOR2X1 <./DT_syn.sdf, line 6190>.
ncelab: *W,SDFNEP: Unable to annotate to non-existent path (IOPATH (posedge B) Y) of instance testfixture.u_dut.U393 of module XOR2X1 <./DT_syn.sdf, line 6193>.
ncelab: *W,SDFNEP: Unable to annotate to non-existent path (IOPATH (negedge B) Y) of instance testfixture.u_dut.U393 of module XOR2X1 <./DT_syn.sdf, line 6194>.
ncelab: *W,SDFNEP: Unable to annotate to non-existent path (IOPATH (posedge A) Y) of instance testfixture.u_dut.U391 of module XNOR2X1 <./DT_syn.sdf, line 6215>.
ncelab: *W,SDFNEP: Unable to annotate to non-existent path (IOPATH (negedge A) Y) of instance testfixture.u_dut.U391 of module XNOR2X1 <./DT_syn.sdf, line 6216>.
ncelab: *W,SDFNEP: Unable to annotate to non-existent path (IOPATH (posedge B) Y) of instance testfixture.u_dut.U391 of module XNOR2X1 <./DT_syn.sdf, line 6219>.
ncelab: *W,SDFNEP: Unable to annotate to non-existent path (IOPATH (negedge B) Y) of instance testfixture.u_dut.U391 of module XNOR2X1 <./DT_syn.sdf, line 6220>.
ncelab: *W,SDFNEP: Unable to annotate to non-existent path (IOPATH (posedge A) Y) of instance testfixture.u_dut.U389 of module XOR2X1 <./DT_syn.sdf, line 6241>.
ncelab: *W,SDFNEP: Unable to annotate to non-existent path (IOPATH (negedge A) Y) of instance testfixture.u_dut.U389 of module XOR2X1 <./DT_syn.sdf, line 6242>.
ncelab: *W,SDFNEP: Unable to annotate to non-existent path (IOPATH (posedge B) Y) of instance testfixture.u_dut.U389 of module XOR2X1 <./DT_syn.sdf, line 6245>.
ncelab: *W,SDFNEP: Unable to annotate to non-existent path (IOPATH (negedge B) Y) of instance testfixture.u_dut.U389 of module XOR2X1 <./DT_syn.sdf, line 6246>.
ncelab: *W,SDFNEP: Unable to annotate to non-existent path (IOPATH (posedge A) Y) of instance testfixture.u_dut.U387 of module XOR2X1 <./DT_syn.sdf, line 6267>.
ncelab: *W,SDFNEP: Unable to annotate to non-existent path (IOPATH (negedge A) Y) of instance testfixture.u_dut.U387 of module XOR2X1 <./DT_syn.sdf, line 6268>.
ncelab: *W,SDFNEP: Unable to annotate to non-existent path (IOPATH (posedge B) Y) of instance testfixture.u_dut.U387 of module XOR2X1 <./DT_syn.sdf, line 6271>.
ncelab: *W,SDFNEP: Unable to annotate to non-existent path (IOPATH (negedge B) Y) of instance testfixture.u_dut.U387 of module XOR2X1 <./DT_syn.sdf, line 6272>.
ncelab: *W,SDFNEP: Unable to annotate to non-existent path (IOPATH (posedge A) Y) of instance testfixture.u_dut.U385 of module XOR2X1 <./DT_syn.sdf, line 6293>.
ncelab: *W,SDFNEP: Unable to annotate to non-existent path (IOPATH (negedge A) Y) of instance testfixture.u_dut.U385 of module XOR2X1 <./DT_syn.sdf, line 6294>.
ncelab: *W,SDFNEP: Unable to annotate to non-existent path (IOPATH (posedge B) Y) of instance testfixture.u_dut.U385 of module XOR2X1 <./DT_syn.sdf, line 6297>.
ncelab: *W,SDFNEP: Unable to annotate to non-existent path (IOPATH (negedge B) Y) of instance testfixture.u_dut.U385 of module XOR2X1 <./DT_syn.sdf, line 6298>.
ncelab: *W,SDFNEP: Unable to annotate to non-existent path (IOPATH (posedge A) Y) of instance testfixture.u_dut.U383 of module XOR2X1 <./DT_syn.sdf, line 6319>.
ncelab: *W,SDFNEP: Unable to annotate to non-existent path (IOPATH (negedge A) Y) of instance testfixture.u_dut.U383 of module XOR2X1 <./DT_syn.sdf, line 6320>.
ncelab: *W,SDFNEP: Unable to annotate to non-existent path (IOPATH (posedge B) Y) of instance testfixture.u_dut.U383 of module XOR2X1 <./DT_syn.sdf, line 6323>.
ncelab: *W,SDFNEP: Unable to annotate to non-existent path (IOPATH (negedge B) Y) of instance testfixture.u_dut.U383 of module XOR2X1 <./DT_syn.sdf, line 6324>.
ncelab: *W,SDFNEP: Unable to annotate to non-existent path (IOPATH (posedge A) Y) of instance testfixture.u_dut.U381 of module XOR2X1 <./DT_syn.sdf, line 6345>.
ncelab: *W,SDFNEP: Unable to annotate to non-existent path (IOPATH (negedge A) Y) of instance testfixture.u_dut.U381 of module XOR2X1 <./DT_syn.sdf, line 6346>.
ncelab: *W,SDFNEP: Unable to annotate to non-existent path (IOPATH (posedge B) Y) of instance testfixture.u_dut.U381 of module XOR2X1 <./DT_syn.sdf, line 6349>.
ncelab: *W,SDFNEP: Unable to annotate to non-existent path (IOPATH (negedge B) Y) of instance testfixture.u_dut.U381 of module XOR2X1 <./DT_syn.sdf, line 6350>.
ncelab: *W,SDFNEP: Unable to annotate to non-existent path (IOPATH (posedge S0) Y) of instance testfixture.u_dut.U358 of module MX4X1 <./DT_syn.sdf, line 6588>.
ncelab: *W,SDFNEP: Unable to annotate to non-existent path (IOPATH (negedge S0) Y) of instance testfixture.u_dut.U358 of module MX4X1 <./DT_syn.sdf, line 6589>.
ncelab: *W,SDFNEP: Unable to annotate to non-existent path (IOPATH (posedge S1) Y) of instance testfixture.u_dut.U358 of module MX4X1 <./DT_syn.sdf, line 6594>.
ncelab: *W,SDFNEP: Unable to annotate to non-existent path (IOPATH (negedge S1) Y) of instance testfixture.u_dut.U358 of module MX4X1 <./DT_syn.sdf, line 6595>.
ncelab: *W,SDFNEP: Unable to annotate to non-existent path (IOPATH (posedge S0) Y) of instance testfixture.u_dut.U357 of module MX4X1 <./DT_syn.sdf, line 6612>.
ncelab: *W,SDFNEP: Unable to annotate to non-existent path (IOPATH (negedge S0) Y) of instance testfixture.u_dut.U357 of module MX4X1 <./DT_syn.sdf, line 6613>.
ncelab: *W,SDFNEP: Unable to annotate to non-existent path (IOPATH (posedge S1) Y) of instance testfixture.u_dut.U357 of module MX4X1 <./DT_syn.sdf, line 6618>.
ncelab: *W,SDFNEP: Unable to annotate to non-existent path (IOPATH (negedge S1) Y) of instance testfixture.u_dut.U357 of module MX4X1 <./DT_syn.sdf, line 6619>.
ncelab: *W,SDFNEP: Unable to annotate to non-existent path (IOPATH (posedge S0) Y) of instance testfixture.u_dut.U355 of module MX4X1 <./DT_syn.sdf, line 6645>.
ncelab: *W,SDFNEP: Unable to annotate to non-existent path (IOPATH (negedge S0) Y) of instance testfixture.u_dut.U355 of module MX4X1 <./DT_syn.sdf, line 6646>.
ncelab: *W,SDFNEP: Unable to annotate to non-existent path (IOPATH (posedge S1) Y) of instance testfixture.u_dut.U355 of module MX4X1 <./DT_syn.sdf, line 6651>.
ncelab: *W,SDFNEP: Unable to annotate to non-existent path (IOPATH (negedge S1) Y) of instance testfixture.u_dut.U355 of module MX4X1 <./DT_syn.sdf, line 6652>.
ncelab: *W,SDFNEP: Unable to annotate to non-existent path (IOPATH (posedge A) Y) of instance testfixture.u_dut.U342 of module XNOR2X1 <./DT_syn.sdf, line 6798>.
ncelab: *W,SDFNEP: Unable to annotate to non-existent path (IOPATH (negedge A) Y) of instance testfixture.u_dut.U342 of module XNOR2X1 <./DT_syn.sdf, line 6799>.
ncelab: *W,SDFNEP: Unable to annotate to non-existent path (IOPATH (posedge B) Y) of instance testfixture.u_dut.U342 of module XNOR2X1 <./DT_syn.sdf, line 6802>.
ncelab: *W,SDFNEP: Unable to annotate to non-existent path (IOPATH (negedge B) Y) of instance testfixture.u_dut.U342 of module XNOR2X1 <./DT_syn.sdf, line 6803>.
ncelab: *W,SDFNEP: Unable to annotate to non-existent path (IOPATH (posedge A) Y) of instance testfixture.u_dut.U334 of module XNOR2XL <./DT_syn.sdf, line 6881>.
ncelab: *W,SDFNEP: Unable to annotate to non-existent path (IOPATH (negedge A) Y) of instance testfixture.u_dut.U334 of module XNOR2XL <./DT_syn.sdf, line 6882>.
ncelab: *W,SDFNEP: Unable to annotate to non-existent path (IOPATH (posedge B) Y) of instance testfixture.u_dut.U334 of module XNOR2XL <./DT_syn.sdf, line 6885>.
ncelab: *W,SDFNEP: Unable to annotate to non-existent path (IOPATH (negedge B) Y) of instance testfixture.u_dut.U334 of module XNOR2XL <./DT_syn.sdf, line 6886>.
ncelab: *W,SDFNEP: Unable to annotate to non-existent path (IOPATH (posedge S0) Y) of instance testfixture.u_dut.U333 of module MXI2X2 <./DT_syn.sdf, line 6899>.
ncelab: *W,SDFNEP: Unable to annotate to non-existent path (IOPATH (negedge S0) Y) of instance testfixture.u_dut.U333 of module MXI2X2 <./DT_syn.sdf, line 6900>.
ncelab: *W,SDFNEP: Unable to annotate to non-existent path (IOPATH (posedge S0) Y) of instance testfixture.u_dut.U326 of module MX2XL <./DT_syn.sdf, line 6968>.
ncelab: *W,SDFNEP: Unable to annotate to non-existent path (IOPATH (negedge S0) Y) of instance testfixture.u_dut.U326 of module MX2XL <./DT_syn.sdf, line 6969>.
ncelab: *W,SDFNEP: Unable to annotate to non-existent path (IOPATH (posedge S0) Y) of instance testfixture.u_dut.U324 of module MXI2XL <./DT_syn.sdf, line 6992>.
ncelab: *W,SDFNEP: Unable to annotate to non-existent path (IOPATH (negedge S0) Y) of instance testfixture.u_dut.U324 of module MXI2XL <./DT_syn.sdf, line 6993>.
ncelab: *W,SDFNEP: Unable to annotate to non-existent path (IOPATH (posedge S0) Y) of instance testfixture.u_dut.U293 of module MX4XL <./DT_syn.sdf, line 7337>.
ncelab: *W,SDFNEP: Unable to annotate to non-existent path (IOPATH (negedge S0) Y) of instance testfixture.u_dut.U293 of module MX4XL <./DT_syn.sdf, line 7338>.
ncelab: *W,SDFNEP: Unable to annotate to non-existent path (IOPATH (posedge S1) Y) of instance testfixture.u_dut.U293 of module MX4XL <./DT_syn.sdf, line 7343>.
ncelab: *W,SDFNEP: Unable to annotate to non-existent path (IOPATH (negedge S1) Y) of instance testfixture.u_dut.U293 of module MX4XL <./DT_syn.sdf, line 7344>.
ncelab: *W,SDFNEP: Unable to annotate to non-existent path (IOPATH (posedge S0) Y) of instance testfixture.u_dut.U292 of module MX4XL <./DT_syn.sdf, line 7361>.
ncelab: *W,SDFNEP: Unable to annotate to non-existent path (IOPATH (negedge S0) Y) of instance testfixture.u_dut.U292 of module MX4XL <./DT_syn.sdf, line 7362>.
ncelab: *W,SDFNEP: Unable to annotate to non-existent path (IOPATH (posedge S1) Y) of instance testfixture.u_dut.U292 of module MX4XL <./DT_syn.sdf, line 7367>.
ncelab: *W,SDFNEP: Unable to annotate to non-existent path (IOPATH (negedge S1) Y) of instance testfixture.u_dut.U292 of module MX4XL <./DT_syn.sdf, line 7368>.
	Annotation completed with 0 Errors and 394 Warnings
	Building instance overlay tables: .................... Done
	Generating native compiled code:
		worklib.res_RAM:v <0x3e8aa565>
			streams:   5, words:  1657
		worklib.sti_ROM:v <0x389376ec>
			streams:   3, words:  1236
		worklib.testfixture:v <0x17450aa4>
			streams:  12, words: 14094
	Loading native compiled code:     .................... Done
	Building instance specific data structures.
	Design hierarchy summary:
		                    Instances  Unique
		Modules:                  524     104
		UDPs:                      74       3
		Primitives:               956       8
		Timing outputs:           572      33
		Registers:                 72      24
		Scalar wires:             631       -
		Expanded wires:            24       2
		Always blocks:              4       4
		Initial blocks:            13      13
		Pseudo assignments:         1       1
		Timing checks:            477      77
		Interconnect:            1372       -
		Delayed tcheck signals:   159      57
		Simulation timescale:     1ps
	Writing initial simulation snapshot: worklib.testfixture:v
Loading snapshot worklib.testfixture:v .................... Done
*Verdi3* Loading libsscore_ius111.so
*Verdi3* : Enable Parallel Dumping.
ncsim> source /usr/cad/cadence/INCISIV/cur/tools/inca/files/ncsimrc
ncsim> run
-----------------------------------------------------

START!!! Simulation Start .....

-----------------------------------------------------

FWPASS : Output pixel: 0 ~           0 are correct!

FWPASS : Output pixel: 0 ~        1000 are correct!

FWPASS : Output pixel: 0 ~        2000 are correct!

FWPASS : Output pixel: 0 ~        3000 are correct!

FWPASS : Output pixel: 0 ~        4000 are correct!

FWPASS : Output pixel: 0 ~        5000 are correct!

FWPASS : Output pixel: 0 ~        6000 are correct!

FWPASS : Output pixel: 0 ~        7000 are correct!

FWPASS : Output pixel: 0 ~        8000 are correct!

FWPASS : Output pixel: 0 ~        9000 are correct!

FWPASS : Output pixel: 0 ~       10000 are correct!

FWPASS : Output pixel: 0 ~       11000 are correct!

FWPASS : Output pixel: 0 ~       12000 are correct!

FWPASS : Output pixel: 0 ~       13000 are correct!

FWPASS : Output pixel: 0 ~       14000 are correct!

FWPASS : Output pixel: 0 ~       15000 are correct!

FWPASS : Output pixel: 0 ~       16000 are correct!

                                                     

Forward-Pass test PASS! 
                                                     

 Output pixel: 0 ~           0 are correct!

 Output pixel: 0 ~        1000 are correct!

 Output pixel: 0 ~        2000 are correct!

 Output pixel: 0 ~        3000 are correct!

 Output pixel: 0 ~        4000 are correct!

 Output pixel: 0 ~        5000 are correct!

 Output pixel: 0 ~        6000 are correct!

 Output pixel: 0 ~        7000 are correct!

 Output pixel: 0 ~        8000 are correct!

 Output pixel: 0 ~        9000 are correct!

 Output pixel: 0 ~       10000 are correct!

 Output pixel: 0 ~       11000 are correct!

 Output pixel: 0 ~       12000 are correct!

 Output pixel: 0 ~       13000 are correct!

 Output pixel: 0 ~       14000 are correct!

 Output pixel: 0 ~       15000 are correct!

 Output pixel: 0 ~       16000 are correct!

-------------------------------------------------------------

Congratulations!!! All data have been generated successfully!

---------- The test result is ..... PASS --------------------

                                                     

-----------------------------------------------------

Simulation complete via $finish(1) at time 1331220111 PS + 0
./testfixture.v:174       #(`CYCLE/3); $finish;
ncsim> exit
TOOL:	ncverilog	11.10-s072: Exiting on Sep 07, 2020 at 00:28:16 CST  (total: 00:00:04)
