ncverilog: 15.20-s039: (c) Copyright 1995-2017 Cadence Design Systems, Inc.
TOOL:	ncverilog	15.20-s039: Started on Sep 16, 2020 at 18:10:35 CST
ncverilog
	testfixture.v
	../syn/DT_syn.v
	-v
	tsmc13_neg.v
	+define+SDF
	+define+TB1
	+access+r
file: testfixture.v
	module worklib.testfixture:v
		errors: 0, warnings: 0
	module worklib.sti_ROM:v
		errors: 0, warnings: 0
	module worklib.res_RAM:v
		errors: 0, warnings: 0
file: ../syn/DT_syn.v
	module worklib.DT_DW01_inc_0_DW01_inc_1:v
		errors: 0, warnings: 0
	module worklib.DT_DW01_inc_1_DW01_inc_2:v
		errors: 0, warnings: 0
	module worklib.DT_DW01_inc_2_DW01_inc_3:v
		errors: 0, warnings: 0
	module worklib.DT_DW01_dec_0_DW01_dec_1:v
		errors: 0, warnings: 0
	module worklib.DT_DW01_inc_3_DW01_inc_4:v
		errors: 0, warnings: 0
	module worklib.DT:v
		errors: 0, warnings: 0
		Caching library 'worklib' ....... Done
		Caching library 'tsmc13_neg' ....... Done
	Elaborating the design hierarchy:
  DFFRX2 \sti_addr_reg[9]  ( .D(n233), .CK(clk), .RN(n590), .Q(sti_addr[9]) );
                         |
ncelab: *W,CUVWSP (../syn/DT_syn.v,186|25): 1 output port was not connected:
ncelab: (./tsmc13_neg.v,18376): QN

  DFFRX2 \sti_addr_reg[6]  ( .D(n236), .CK(clk), .RN(n345), .Q(sti_addr[6]) );
                         |
ncelab: *W,CUVWSP (../syn/DT_syn.v,187|25): 1 output port was not connected:
ncelab: (./tsmc13_neg.v,18376): QN

  DFFRX2 \sti_addr_reg[7]  ( .D(n235), .CK(clk), .RN(n590), .Q(sti_addr[7]) );
                         |
ncelab: *W,CUVWSP (../syn/DT_syn.v,188|25): 1 output port was not connected:
ncelab: (./tsmc13_neg.v,18376): QN

  DFFRX2 \sti_addr_reg[8]  ( .D(n234), .CK(clk), .RN(n590), .Q(sti_addr[8]) );
                         |
ncelab: *W,CUVWSP (../syn/DT_syn.v,189|25): 1 output port was not connected:
ncelab: (./tsmc13_neg.v,18376): QN

  DFFRX2 \sti_addr_reg[1]  ( .D(n241), .CK(clk), .RN(n345), .Q(sti_addr[1]) );
                         |
ncelab: *W,CUVWSP (../syn/DT_syn.v,190|25): 1 output port was not connected:
ncelab: (./tsmc13_neg.v,18376): QN

  DFFRX2 \sti_addr_reg[2]  ( .D(n240), .CK(clk), .RN(n345), .Q(sti_addr[2]) );
                         |
ncelab: *W,CUVWSP (../syn/DT_syn.v,191|25): 1 output port was not connected:
ncelab: (./tsmc13_neg.v,18376): QN

  DFFRX2 \sti_addr_reg[3]  ( .D(n239), .CK(clk), .RN(n345), .Q(sti_addr[3]) );
                         |
ncelab: *W,CUVWSP (../syn/DT_syn.v,192|25): 1 output port was not connected:
ncelab: (./tsmc13_neg.v,18376): QN

  DFFRX2 \sti_addr_reg[5]  ( .D(n237), .CK(clk), .RN(n345), .Q(sti_addr[5]) );
                         |
ncelab: *W,CUVWSP (../syn/DT_syn.v,193|25): 1 output port was not connected:
ncelab: (./tsmc13_neg.v,18376): QN

  DFFRX2 \sti_addr_reg[0]  ( .D(n242), .CK(clk), .RN(n345), .Q(sti_addr[0]) );
                         |
ncelab: *W,CUVWSP (../syn/DT_syn.v,194|25): 1 output port was not connected:
ncelab: (./tsmc13_neg.v,18376): QN

  DFFRX2 res_rd_reg ( .D(N143), .CK(clk), .RN(n345), .Q(res_rd) );
                  |
ncelab: *W,CUVWSP (../syn/DT_syn.v,210|18): 1 output port was not connected:
ncelab: (./tsmc13_neg.v,18376): QN

  DFFRX2 sti_rd_reg ( .D(n576), .CK(clk), .RN(n345), .Q(sti_rd) );
                  |
ncelab: *W,CUVWSP (../syn/DT_syn.v,211|18): 1 output port was not connected:
ncelab: (./tsmc13_neg.v,18376): QN

  DFFRX2 res_wr_reg ( .D(n311), .CK(clk), .RN(n590), .Q(res_wr) );
                  |
ncelab: *W,CUVWSP (../syn/DT_syn.v,212|18): 1 output port was not connected:
ncelab: (./tsmc13_neg.v,18376): QN

  DFFRX2 \sti_addr_reg[4]  ( .D(n238), .CK(clk), .RN(n590), .Q(sti_addr[4]) );
                         |
ncelab: *W,CUVWSP (../syn/DT_syn.v,724|25): 1 output port was not connected:
ncelab: (./tsmc13_neg.v,18376): QN

	Reading SDF file from location "../syn/DT_syn.sdf"
	Annotating SDF timing data:
		Compiled SDF file:     DT_syn.sdf.X
		Log file:              
		Backannotation scope:  testfixture.u_dut
		Configuration file:    
		MTM control:           
		Scale factors:         
		Scale type:            
ncelab: *W,SDFNEP: Unable to annotate to non-existent path (IOPATH (posedge A) Y) of instance testfixture.u_dut.r418.U2 of module XOR2X1 <../syn/DT_syn.sdf, line 1786>.
ncelab: *W,SDFNEP: Unable to annotate to non-existent path (IOPATH (negedge A) Y) of instance testfixture.u_dut.r418.U2 of module XOR2X1 <../syn/DT_syn.sdf, line 1787>.
ncelab: *W,SDFNEP: Unable to annotate to non-existent path (IOPATH (posedge B) Y) of instance testfixture.u_dut.r418.U2 of module XOR2X1 <../syn/DT_syn.sdf, line 1790>.
ncelab: *W,SDFNEP: Unable to annotate to non-existent path (IOPATH (negedge B) Y) of instance testfixture.u_dut.r418.U2 of module XOR2X1 <../syn/DT_syn.sdf, line 1791>.
ncelab: *W,SDFNEP: Unable to annotate to non-existent path (IOPATH (posedge A) S) of instance testfixture.u_dut.r418.U1_1_1 of module ADDHXL <../syn/DT_syn.sdf, line 1813>.
ncelab: *W,SDFNEP: Unable to annotate to non-existent path (IOPATH (negedge A) S) of instance testfixture.u_dut.r418.U1_1_1 of module ADDHXL <../syn/DT_syn.sdf, line 1814>.
ncelab: *W,SDFNEP: Unable to annotate to non-existent path (IOPATH (posedge B) S) of instance testfixture.u_dut.r418.U1_1_1 of module ADDHXL <../syn/DT_syn.sdf, line 1817>.
ncelab: *W,SDFNEP: Unable to annotate to non-existent path (IOPATH (negedge B) S) of instance testfixture.u_dut.r418.U1_1_1 of module ADDHXL <../syn/DT_syn.sdf, line 1818>.
ncelab: *W,SDFNEP: Unable to annotate to non-existent path (IOPATH (posedge A) S) of instance testfixture.u_dut.r418.U1_1_7 of module ADDHXL <../syn/DT_syn.sdf, line 1831>.
ncelab: *W,SDFNEP: Unable to annotate to non-existent path (IOPATH (negedge A) S) of instance testfixture.u_dut.r418.U1_1_7 of module ADDHXL <../syn/DT_syn.sdf, line 1832>.
ncelab: *W,SDFNEP: Unable to annotate to non-existent path (IOPATH (posedge B) S) of instance testfixture.u_dut.r418.U1_1_7 of module ADDHXL <../syn/DT_syn.sdf, line 1835>.
ncelab: *W,SDFNEP: Unable to annotate to non-existent path (IOPATH (negedge B) S) of instance testfixture.u_dut.r418.U1_1_7 of module ADDHXL <../syn/DT_syn.sdf, line 1836>.
ncelab: *W,SDFNEP: Unable to annotate to non-existent path (IOPATH (posedge A) S) of instance testfixture.u_dut.r418.U1_1_6 of module ADDHXL <../syn/DT_syn.sdf, line 1849>.
ncelab: *W,SDFNEP: Unable to annotate to non-existent path (IOPATH (negedge A) S) of instance testfixture.u_dut.r418.U1_1_6 of module ADDHXL <../syn/DT_syn.sdf, line 1850>.
ncelab: *W,SDFNEP: Unable to annotate to non-existent path (IOPATH (posedge B) S) of instance testfixture.u_dut.r418.U1_1_6 of module ADDHXL <../syn/DT_syn.sdf, line 1853>.
ncelab: *W,SDFNEP: Unable to annotate to non-existent path (IOPATH (negedge B) S) of instance testfixture.u_dut.r418.U1_1_6 of module ADDHXL <../syn/DT_syn.sdf, line 1854>.
ncelab: *W,SDFNEP: Unable to annotate to non-existent path (IOPATH (posedge A) S) of instance testfixture.u_dut.r418.U1_1_5 of module ADDHXL <../syn/DT_syn.sdf, line 1867>.
ncelab: *W,SDFNEP: Unable to annotate to non-existent path (IOPATH (negedge A) S) of instance testfixture.u_dut.r418.U1_1_5 of module ADDHXL <../syn/DT_syn.sdf, line 1868>.
ncelab: *W,SDFNEP: Unable to annotate to non-existent path (IOPATH (posedge B) S) of instance testfixture.u_dut.r418.U1_1_5 of module ADDHXL <../syn/DT_syn.sdf, line 1871>.
ncelab: *W,SDFNEP: Unable to annotate to non-existent path (IOPATH (negedge B) S) of instance testfixture.u_dut.r418.U1_1_5 of module ADDHXL <../syn/DT_syn.sdf, line 1872>.
ncelab: *W,SDFNEP: Unable to annotate to non-existent path (IOPATH (posedge A) S) of instance testfixture.u_dut.r418.U1_1_4 of module ADDHXL <../syn/DT_syn.sdf, line 1885>.
ncelab: *W,SDFNEP: Unable to annotate to non-existent path (IOPATH (negedge A) S) of instance testfixture.u_dut.r418.U1_1_4 of module ADDHXL <../syn/DT_syn.sdf, line 1886>.
ncelab: *W,SDFNEP: Unable to annotate to non-existent path (IOPATH (posedge B) S) of instance testfixture.u_dut.r418.U1_1_4 of module ADDHXL <../syn/DT_syn.sdf, line 1889>.
ncelab: *W,SDFNEP: Unable to annotate to non-existent path (IOPATH (negedge B) S) of instance testfixture.u_dut.r418.U1_1_4 of module ADDHXL <../syn/DT_syn.sdf, line 1890>.
ncelab: *W,SDFNEP: Unable to annotate to non-existent path (IOPATH (posedge A) S) of instance testfixture.u_dut.r418.U1_1_3 of module ADDHXL <../syn/DT_syn.sdf, line 1903>.
ncelab: *W,SDFNEP: Unable to annotate to non-existent path (IOPATH (negedge A) S) of instance testfixture.u_dut.r418.U1_1_3 of module ADDHXL <../syn/DT_syn.sdf, line 1904>.
ncelab: *W,SDFNEP: Unable to annotate to non-existent path (IOPATH (posedge B) S) of instance testfixture.u_dut.r418.U1_1_3 of module ADDHXL <../syn/DT_syn.sdf, line 1907>.
ncelab: *W,SDFNEP: Unable to annotate to non-existent path (IOPATH (negedge B) S) of instance testfixture.u_dut.r418.U1_1_3 of module ADDHXL <../syn/DT_syn.sdf, line 1908>.
ncelab: *W,SDFNEP: Unable to annotate to non-existent path (IOPATH (posedge A) S) of instance testfixture.u_dut.r418.U1_1_2 of module ADDHXL <../syn/DT_syn.sdf, line 1921>.
ncelab: *W,SDFNEP: Unable to annotate to non-existent path (IOPATH (negedge A) S) of instance testfixture.u_dut.r418.U1_1_2 of module ADDHXL <../syn/DT_syn.sdf, line 1922>.
ncelab: *W,SDFNEP: Unable to annotate to non-existent path (IOPATH (posedge B) S) of instance testfixture.u_dut.r418.U1_1_2 of module ADDHXL <../syn/DT_syn.sdf, line 1925>.
ncelab: *W,SDFNEP: Unable to annotate to non-existent path (IOPATH (negedge B) S) of instance testfixture.u_dut.r418.U1_1_2 of module ADDHXL <../syn/DT_syn.sdf, line 1926>.
ncelab: *W,SDFNEP: Unable to annotate to non-existent path (IOPATH (posedge A) S) of instance testfixture.u_dut.r418.U1_1_8 of module ADDHXL <../syn/DT_syn.sdf, line 1939>.
ncelab: *W,SDFNEP: Unable to annotate to non-existent path (IOPATH (negedge A) S) of instance testfixture.u_dut.r418.U1_1_8 of module ADDHXL <../syn/DT_syn.sdf, line 1940>.
ncelab: *W,SDFNEP: Unable to annotate to non-existent path (IOPATH (posedge B) S) of instance testfixture.u_dut.r418.U1_1_8 of module ADDHXL <../syn/DT_syn.sdf, line 1943>.
ncelab: *W,SDFNEP: Unable to annotate to non-existent path (IOPATH (negedge B) S) of instance testfixture.u_dut.r418.U1_1_8 of module ADDHXL <../syn/DT_syn.sdf, line 1944>.
ncelab: *W,SDFNEP: Unable to annotate to non-existent path (IOPATH (posedge A) S) of instance testfixture.u_dut.r418.U1_1_9 of module ADDHXL <../syn/DT_syn.sdf, line 1957>.
ncelab: *W,SDFNEP: Unable to annotate to non-existent path (IOPATH (negedge A) S) of instance testfixture.u_dut.r418.U1_1_9 of module ADDHXL <../syn/DT_syn.sdf, line 1958>.
ncelab: *W,SDFNEP: Unable to annotate to non-existent path (IOPATH (posedge B) S) of instance testfixture.u_dut.r418.U1_1_9 of module ADDHXL <../syn/DT_syn.sdf, line 1961>.
ncelab: *W,SDFNEP: Unable to annotate to non-existent path (IOPATH (negedge B) S) of instance testfixture.u_dut.r418.U1_1_9 of module ADDHXL <../syn/DT_syn.sdf, line 1962>.
ncelab: *W,SDFNEP: Unable to annotate to non-existent path (IOPATH (posedge A) S) of instance testfixture.u_dut.r418.U1_1_10 of module ADDHXL <../syn/DT_syn.sdf, line 1975>.
ncelab: *W,SDFNEP: Unable to annotate to non-existent path (IOPATH (negedge A) S) of instance testfixture.u_dut.r418.U1_1_10 of module ADDHXL <../syn/DT_syn.sdf, line 1976>.
ncelab: *W,SDFNEP: Unable to annotate to non-existent path (IOPATH (posedge B) S) of instance testfixture.u_dut.r418.U1_1_10 of module ADDHXL <../syn/DT_syn.sdf, line 1979>.
ncelab: *W,SDFNEP: Unable to annotate to non-existent path (IOPATH (negedge B) S) of instance testfixture.u_dut.r418.U1_1_10 of module ADDHXL <../syn/DT_syn.sdf, line 1980>.
ncelab: *W,SDFNEP: Unable to annotate to non-existent path (IOPATH (posedge A) S) of instance testfixture.u_dut.r418.U1_1_11 of module ADDHXL <../syn/DT_syn.sdf, line 1993>.
ncelab: *W,SDFNEP: Unable to annotate to non-existent path (IOPATH (negedge A) S) of instance testfixture.u_dut.r418.U1_1_11 of module ADDHXL <../syn/DT_syn.sdf, line 1994>.
ncelab: *W,SDFNEP: Unable to annotate to non-existent path (IOPATH (posedge B) S) of instance testfixture.u_dut.r418.U1_1_11 of module ADDHXL <../syn/DT_syn.sdf, line 1997>.
ncelab: *W,SDFNEP: Unable to annotate to non-existent path (IOPATH (negedge B) S) of instance testfixture.u_dut.r418.U1_1_11 of module ADDHXL <../syn/DT_syn.sdf, line 1998>.
ncelab: *W,SDFNEP: Unable to annotate to non-existent path (IOPATH (posedge A) S) of instance testfixture.u_dut.r418.U1_1_12 of module ADDHXL <../syn/DT_syn.sdf, line 2011>.
ncelab: *W,SDFNEP: Unable to annotate to non-existent path (IOPATH (negedge A) S) of instance testfixture.u_dut.r418.U1_1_12 of module ADDHXL <../syn/DT_syn.sdf, line 2012>.
ncelab: *W,SDFNEP: Unable to annotate to non-existent path (IOPATH (posedge B) S) of instance testfixture.u_dut.r418.U1_1_12 of module ADDHXL <../syn/DT_syn.sdf, line 2015>.
ncelab: *W,SDFNEP: Unable to annotate to non-existent path (IOPATH (negedge B) S) of instance testfixture.u_dut.r418.U1_1_12 of module ADDHXL <../syn/DT_syn.sdf, line 2016>.
ncelab: *W,SDFNEP: Unable to annotate to non-existent path (IOPATH (posedge A) Y) of instance testfixture.u_dut.r422.U16 of module XNOR2X1 <../syn/DT_syn.sdf, line 2159>.
ncelab: *W,SDFNEP: Unable to annotate to non-existent path (IOPATH (negedge A) Y) of instance testfixture.u_dut.r422.U16 of module XNOR2X1 <../syn/DT_syn.sdf, line 2160>.
ncelab: *W,SDFNEP: Unable to annotate to non-existent path (IOPATH (posedge B) Y) of instance testfixture.u_dut.r422.U16 of module XNOR2X1 <../syn/DT_syn.sdf, line 2163>.
ncelab: *W,SDFNEP: Unable to annotate to non-existent path (IOPATH (negedge B) Y) of instance testfixture.u_dut.r422.U16 of module XNOR2X1 <../syn/DT_syn.sdf, line 2164>.
ncelab: *W,SDFNEP: Unable to annotate to non-existent path (IOPATH (posedge A) Y) of instance testfixture.u_dut.r422.U14 of module XOR2X1 <../syn/DT_syn.sdf, line 2185>.
ncelab: *W,SDFNEP: Unable to annotate to non-existent path (IOPATH (negedge A) Y) of instance testfixture.u_dut.r422.U14 of module XOR2X1 <../syn/DT_syn.sdf, line 2186>.
ncelab: *W,SDFNEP: Unable to annotate to non-existent path (IOPATH (posedge B) Y) of instance testfixture.u_dut.r422.U14 of module XOR2X1 <../syn/DT_syn.sdf, line 2189>.
ncelab: *W,SDFNEP: Unable to annotate to non-existent path (IOPATH (negedge B) Y) of instance testfixture.u_dut.r422.U14 of module XOR2X1 <../syn/DT_syn.sdf, line 2190>.
ncelab: *W,SDFNEP: Unable to annotate to non-existent path (IOPATH (posedge A) Y) of instance testfixture.u_dut.add_145_S2.U2 of module XOR2X1 <../syn/DT_syn.sdf, line 2336>.
ncelab: *W,SDFNEP: Unable to annotate to non-existent path (IOPATH (negedge A) Y) of instance testfixture.u_dut.add_145_S2.U2 of module XOR2X1 <../syn/DT_syn.sdf, line 2337>.
ncelab: *W,SDFNEP: Unable to annotate to non-existent path (IOPATH (posedge B) Y) of instance testfixture.u_dut.add_145_S2.U2 of module XOR2X1 <../syn/DT_syn.sdf, line 2340>.
ncelab: *W,SDFNEP: Unable to annotate to non-existent path (IOPATH (negedge B) Y) of instance testfixture.u_dut.add_145_S2.U2 of module XOR2X1 <../syn/DT_syn.sdf, line 2341>.
ncelab: *W,SDFNEP: Unable to annotate to non-existent path (IOPATH (posedge A) S) of instance testfixture.u_dut.add_145_S2.U1_1_1 of module ADDHXL <../syn/DT_syn.sdf, line 2363>.
ncelab: *W,SDFNEP: Unable to annotate to non-existent path (IOPATH (negedge A) S) of instance testfixture.u_dut.add_145_S2.U1_1_1 of module ADDHXL <../syn/DT_syn.sdf, line 2364>.
ncelab: *W,SDFNEP: Unable to annotate to non-existent path (IOPATH (posedge B) S) of instance testfixture.u_dut.add_145_S2.U1_1_1 of module ADDHXL <../syn/DT_syn.sdf, line 2367>.
ncelab: *W,SDFNEP: Unable to annotate to non-existent path (IOPATH (negedge B) S) of instance testfixture.u_dut.add_145_S2.U1_1_1 of module ADDHXL <../syn/DT_syn.sdf, line 2368>.
ncelab: *W,SDFNEP: Unable to annotate to non-existent path (IOPATH (posedge A) S) of instance testfixture.u_dut.add_145_S2.U1_1_2 of module ADDHXL <../syn/DT_syn.sdf, line 2381>.
ncelab: *W,SDFNEP: Unable to annotate to non-existent path (IOPATH (negedge A) S) of instance testfixture.u_dut.add_145_S2.U1_1_2 of module ADDHXL <../syn/DT_syn.sdf, line 2382>.
ncelab: *W,SDFNEP: Unable to annotate to non-existent path (IOPATH (posedge B) S) of instance testfixture.u_dut.add_145_S2.U1_1_2 of module ADDHXL <../syn/DT_syn.sdf, line 2385>.
ncelab: *W,SDFNEP: Unable to annotate to non-existent path (IOPATH (negedge B) S) of instance testfixture.u_dut.add_145_S2.U1_1_2 of module ADDHXL <../syn/DT_syn.sdf, line 2386>.
ncelab: *W,SDFNEP: Unable to annotate to non-existent path (IOPATH (posedge A) S) of instance testfixture.u_dut.add_145_S2.U1_1_3 of module ADDHXL <../syn/DT_syn.sdf, line 2399>.
ncelab: *W,SDFNEP: Unable to annotate to non-existent path (IOPATH (negedge A) S) of instance testfixture.u_dut.add_145_S2.U1_1_3 of module ADDHXL <../syn/DT_syn.sdf, line 2400>.
ncelab: *W,SDFNEP: Unable to annotate to non-existent path (IOPATH (posedge B) S) of instance testfixture.u_dut.add_145_S2.U1_1_3 of module ADDHXL <../syn/DT_syn.sdf, line 2403>.
ncelab: *W,SDFNEP: Unable to annotate to non-existent path (IOPATH (negedge B) S) of instance testfixture.u_dut.add_145_S2.U1_1_3 of module ADDHXL <../syn/DT_syn.sdf, line 2404>.
ncelab: *W,SDFNEP: Unable to annotate to non-existent path (IOPATH (posedge A) S) of instance testfixture.u_dut.add_145_S2.U1_1_4 of module ADDHXL <../syn/DT_syn.sdf, line 2417>.
ncelab: *W,SDFNEP: Unable to annotate to non-existent path (IOPATH (negedge A) S) of instance testfixture.u_dut.add_145_S2.U1_1_4 of module ADDHXL <../syn/DT_syn.sdf, line 2418>.
ncelab: *W,SDFNEP: Unable to annotate to non-existent path (IOPATH (posedge B) S) of instance testfixture.u_dut.add_145_S2.U1_1_4 of module ADDHXL <../syn/DT_syn.sdf, line 2421>.
ncelab: *W,SDFNEP: Unable to annotate to non-existent path (IOPATH (negedge B) S) of instance testfixture.u_dut.add_145_S2.U1_1_4 of module ADDHXL <../syn/DT_syn.sdf, line 2422>.
ncelab: *W,SDFNEP: Unable to annotate to non-existent path (IOPATH (posedge A) S) of instance testfixture.u_dut.add_145_S2.U1_1_5 of module ADDHXL <../syn/DT_syn.sdf, line 2435>.
ncelab: *W,SDFNEP: Unable to annotate to non-existent path (IOPATH (negedge A) S) of instance testfixture.u_dut.add_145_S2.U1_1_5 of module ADDHXL <../syn/DT_syn.sdf, line 2436>.
ncelab: *W,SDFNEP: Unable to annotate to non-existent path (IOPATH (posedge B) S) of instance testfixture.u_dut.add_145_S2.U1_1_5 of module ADDHXL <../syn/DT_syn.sdf, line 2439>.
ncelab: *W,SDFNEP: Unable to annotate to non-existent path (IOPATH (negedge B) S) of instance testfixture.u_dut.add_145_S2.U1_1_5 of module ADDHXL <../syn/DT_syn.sdf, line 2440>.
ncelab: *W,SDFNEP: Unable to annotate to non-existent path (IOPATH (posedge A) S) of instance testfixture.u_dut.add_145_S2.U1_1_6 of module ADDHXL <../syn/DT_syn.sdf, line 2453>.
ncelab: *W,SDFNEP: Unable to annotate to non-existent path (IOPATH (negedge A) S) of instance testfixture.u_dut.add_145_S2.U1_1_6 of module ADDHXL <../syn/DT_syn.sdf, line 2454>.
ncelab: *W,SDFNEP: Unable to annotate to non-existent path (IOPATH (posedge B) S) of instance testfixture.u_dut.add_145_S2.U1_1_6 of module ADDHXL <../syn/DT_syn.sdf, line 2457>.
ncelab: *W,SDFNEP: Unable to annotate to non-existent path (IOPATH (negedge B) S) of instance testfixture.u_dut.add_145_S2.U1_1_6 of module ADDHXL <../syn/DT_syn.sdf, line 2458>.
ncelab: *W,SDFNEP: Unable to annotate to non-existent path (IOPATH (posedge A) S) of instance testfixture.u_dut.add_145_S2.U1_1_7 of module ADDHXL <../syn/DT_syn.sdf, line 2471>.
ncelab: *W,SDFNEP: Unable to annotate to non-existent path (IOPATH (negedge A) S) of instance testfixture.u_dut.add_145_S2.U1_1_7 of module ADDHXL <../syn/DT_syn.sdf, line 2472>.
ncelab: *W,SDFNEP: Unable to annotate to non-existent path (IOPATH (posedge B) S) of instance testfixture.u_dut.add_145_S2.U1_1_7 of module ADDHXL <../syn/DT_syn.sdf, line 2475>.
ncelab: *W,SDFNEP: Unable to annotate to non-existent path (IOPATH (negedge B) S) of instance testfixture.u_dut.add_145_S2.U1_1_7 of module ADDHXL <../syn/DT_syn.sdf, line 2476>.
ncelab: *W,SDFNEP: Unable to annotate to non-existent path (IOPATH (posedge A) S) of instance testfixture.u_dut.add_145_S2.U1_1_8 of module ADDHXL <../syn/DT_syn.sdf, line 2489>.
ncelab: *W,SDFNEP: Unable to annotate to non-existent path (IOPATH (negedge A) S) of instance testfixture.u_dut.add_145_S2.U1_1_8 of module ADDHXL <../syn/DT_syn.sdf, line 2490>.
ncelab: *W,SDFNEP: Unable to annotate to non-existent path (IOPATH (posedge B) S) of instance testfixture.u_dut.add_145_S2.U1_1_8 of module ADDHXL <../syn/DT_syn.sdf, line 2493>.
ncelab: *W,SDFNEP: Unable to annotate to non-existent path (IOPATH (negedge B) S) of instance testfixture.u_dut.add_145_S2.U1_1_8 of module ADDHXL <../syn/DT_syn.sdf, line 2494>.
ncelab: *W,SDFNEP: Unable to annotate to non-existent path (IOPATH (posedge A) Y) of instance testfixture.u_dut.add_203.U4 of module XOR2X1 <../syn/DT_syn.sdf, line 2505>.
ncelab: *W,SDFNEP: Unable to annotate to non-existent path (IOPATH (negedge A) Y) of instance testfixture.u_dut.add_203.U4 of module XOR2X1 <../syn/DT_syn.sdf, line 2506>.
ncelab: *W,SDFNEP: Unable to annotate to non-existent path (IOPATH (posedge B) Y) of instance testfixture.u_dut.add_203.U2 of module XOR2XL <../syn/DT_syn.sdf, line 2532>.
ncelab: *W,SDFNEP: Unable to annotate to non-existent path (IOPATH (negedge B) Y) of instance testfixture.u_dut.add_203.U2 of module XOR2XL <../syn/DT_syn.sdf, line 2533>.
ncelab: *W,SDFNEP: Unable to annotate to non-existent path (IOPATH (posedge B) S) of instance testfixture.u_dut.add_203.U1_1_3 of module ADDHXL <../syn/DT_syn.sdf, line 2559>.
ncelab: *W,SDFNEP: Unable to annotate to non-existent path (IOPATH (negedge B) S) of instance testfixture.u_dut.add_203.U1_1_3 of module ADDHXL <../syn/DT_syn.sdf, line 2560>.
ncelab: *W,SDFNEP: Unable to annotate to non-existent path (IOPATH (posedge B) S) of instance testfixture.u_dut.add_203.U1_1_4 of module ADDHX1 <../syn/DT_syn.sdf, line 2576>.
ncelab: *W,SDFNEP: Unable to annotate to non-existent path (IOPATH (negedge B) S) of instance testfixture.u_dut.add_203.U1_1_4 of module ADDHX1 <../syn/DT_syn.sdf, line 2577>.
ncelab: *W,SDFNEP: Unable to annotate to non-existent path (IOPATH (posedge B) S) of instance testfixture.u_dut.add_203.U1_1_5 of module ADDHX1 <../syn/DT_syn.sdf, line 2593>.
ncelab: *W,SDFNEP: Unable to annotate to non-existent path (IOPATH (negedge B) S) of instance testfixture.u_dut.add_203.U1_1_5 of module ADDHX1 <../syn/DT_syn.sdf, line 2594>.
ncelab: *W,SDFNEP: Unable to annotate to non-existent path (IOPATH (posedge B) S) of instance testfixture.u_dut.add_203.U1_1_6 of module ADDHX1 <../syn/DT_syn.sdf, line 2626>.
ncelab: *W,SDFNEP: Unable to annotate to non-existent path (IOPATH (negedge B) S) of instance testfixture.u_dut.add_203.U1_1_6 of module ADDHX1 <../syn/DT_syn.sdf, line 2627>.
ncelab: *W,SDFNEP: Unable to annotate to non-existent path (IOPATH (posedge A) Y) of instance testfixture.u_dut.add_225_S2.U2 of module XOR2X1 <../syn/DT_syn.sdf, line 2638>.
ncelab: *W,SDFNEP: Unable to annotate to non-existent path (IOPATH (negedge A) Y) of instance testfixture.u_dut.add_225_S2.U2 of module XOR2X1 <../syn/DT_syn.sdf, line 2639>.
ncelab: *W,SDFNEP: Unable to annotate to non-existent path (IOPATH (posedge B) Y) of instance testfixture.u_dut.add_225_S2.U2 of module XOR2X1 <../syn/DT_syn.sdf, line 2642>.
ncelab: *W,SDFNEP: Unable to annotate to non-existent path (IOPATH (negedge B) Y) of instance testfixture.u_dut.add_225_S2.U2 of module XOR2X1 <../syn/DT_syn.sdf, line 2643>.
ncelab: *W,SDFNEP: Unable to annotate to non-existent path (IOPATH (posedge A) S) of instance testfixture.u_dut.add_225_S2.U1_1_1 of module ADDHXL <../syn/DT_syn.sdf, line 2665>.
ncelab: *W,SDFNEP: Unable to annotate to non-existent path (IOPATH (negedge A) S) of instance testfixture.u_dut.add_225_S2.U1_1_1 of module ADDHXL <../syn/DT_syn.sdf, line 2666>.
ncelab: *W,SDFNEP: Unable to annotate to non-existent path (IOPATH (posedge B) S) of instance testfixture.u_dut.add_225_S2.U1_1_1 of module ADDHXL <../syn/DT_syn.sdf, line 2669>.
ncelab: *W,SDFNEP: Unable to annotate to non-existent path (IOPATH (negedge B) S) of instance testfixture.u_dut.add_225_S2.U1_1_1 of module ADDHXL <../syn/DT_syn.sdf, line 2670>.
ncelab: *W,SDFNEP: Unable to annotate to non-existent path (IOPATH (posedge A) S) of instance testfixture.u_dut.add_225_S2.U1_1_2 of module ADDHXL <../syn/DT_syn.sdf, line 2683>.
ncelab: *W,SDFNEP: Unable to annotate to non-existent path (IOPATH (negedge A) S) of instance testfixture.u_dut.add_225_S2.U1_1_2 of module ADDHXL <../syn/DT_syn.sdf, line 2684>.
ncelab: *W,SDFNEP: Unable to annotate to non-existent path (IOPATH (posedge B) S) of instance testfixture.u_dut.add_225_S2.U1_1_2 of module ADDHXL <../syn/DT_syn.sdf, line 2687>.
ncelab: *W,SDFNEP: Unable to annotate to non-existent path (IOPATH (negedge B) S) of instance testfixture.u_dut.add_225_S2.U1_1_2 of module ADDHXL <../syn/DT_syn.sdf, line 2688>.
ncelab: *W,SDFNEP: Unable to annotate to non-existent path (IOPATH (posedge A) S) of instance testfixture.u_dut.add_225_S2.U1_1_3 of module ADDHXL <../syn/DT_syn.sdf, line 2701>.
ncelab: *W,SDFNEP: Unable to annotate to non-existent path (IOPATH (negedge A) S) of instance testfixture.u_dut.add_225_S2.U1_1_3 of module ADDHXL <../syn/DT_syn.sdf, line 2702>.
ncelab: *W,SDFNEP: Unable to annotate to non-existent path (IOPATH (posedge B) S) of instance testfixture.u_dut.add_225_S2.U1_1_3 of module ADDHXL <../syn/DT_syn.sdf, line 2705>.
ncelab: *W,SDFNEP: Unable to annotate to non-existent path (IOPATH (negedge B) S) of instance testfixture.u_dut.add_225_S2.U1_1_3 of module ADDHXL <../syn/DT_syn.sdf, line 2706>.
ncelab: *W,SDFNEP: Unable to annotate to non-existent path (IOPATH (posedge A) S) of instance testfixture.u_dut.add_225_S2.U1_1_4 of module ADDHXL <../syn/DT_syn.sdf, line 2719>.
ncelab: *W,SDFNEP: Unable to annotate to non-existent path (IOPATH (negedge A) S) of instance testfixture.u_dut.add_225_S2.U1_1_4 of module ADDHXL <../syn/DT_syn.sdf, line 2720>.
ncelab: *W,SDFNEP: Unable to annotate to non-existent path (IOPATH (posedge B) S) of instance testfixture.u_dut.add_225_S2.U1_1_4 of module ADDHXL <../syn/DT_syn.sdf, line 2723>.
ncelab: *W,SDFNEP: Unable to annotate to non-existent path (IOPATH (negedge B) S) of instance testfixture.u_dut.add_225_S2.U1_1_4 of module ADDHXL <../syn/DT_syn.sdf, line 2724>.
ncelab: *W,SDFNEP: Unable to annotate to non-existent path (IOPATH (posedge A) S) of instance testfixture.u_dut.add_225_S2.U1_1_5 of module ADDHXL <../syn/DT_syn.sdf, line 2737>.
ncelab: *W,SDFNEP: Unable to annotate to non-existent path (IOPATH (negedge A) S) of instance testfixture.u_dut.add_225_S2.U1_1_5 of module ADDHXL <../syn/DT_syn.sdf, line 2738>.
ncelab: *W,SDFNEP: Unable to annotate to non-existent path (IOPATH (posedge B) S) of instance testfixture.u_dut.add_225_S2.U1_1_5 of module ADDHXL <../syn/DT_syn.sdf, line 2741>.
ncelab: *W,SDFNEP: Unable to annotate to non-existent path (IOPATH (negedge B) S) of instance testfixture.u_dut.add_225_S2.U1_1_5 of module ADDHXL <../syn/DT_syn.sdf, line 2742>.
ncelab: *W,SDFNEP: Unable to annotate to non-existent path (IOPATH (posedge A) S) of instance testfixture.u_dut.add_225_S2.U1_1_6 of module ADDHXL <../syn/DT_syn.sdf, line 2755>.
ncelab: *W,SDFNEP: Unable to annotate to non-existent path (IOPATH (negedge A) S) of instance testfixture.u_dut.add_225_S2.U1_1_6 of module ADDHXL <../syn/DT_syn.sdf, line 2756>.
ncelab: *W,SDFNEP: Unable to annotate to non-existent path (IOPATH (posedge B) S) of instance testfixture.u_dut.add_225_S2.U1_1_6 of module ADDHXL <../syn/DT_syn.sdf, line 2759>.
ncelab: *W,SDFNEP: Unable to annotate to non-existent path (IOPATH (negedge B) S) of instance testfixture.u_dut.add_225_S2.U1_1_6 of module ADDHXL <../syn/DT_syn.sdf, line 2760>.
ncelab: *W,SDFNEP: Unable to annotate to non-existent path (IOPATH (posedge S0) Y) of instance testfixture.u_dut.U619 of module CLKMX2X2 <../syn/DT_syn.sdf, line 3211>.
ncelab: *W,SDFNEP: Unable to annotate to non-existent path (IOPATH (negedge S0) Y) of instance testfixture.u_dut.U619 of module CLKMX2X2 <../syn/DT_syn.sdf, line 3212>.
ncelab: *W,SDFNEP: Unable to annotate to non-existent path (IOPATH (posedge S0) Y) of instance testfixture.u_dut.U618 of module CLKMX2X2 <../syn/DT_syn.sdf, line 3225>.
ncelab: *W,SDFNEP: Unable to annotate to non-existent path (IOPATH (negedge S0) Y) of instance testfixture.u_dut.U618 of module CLKMX2X2 <../syn/DT_syn.sdf, line 3226>.
ncelab: *W,SDFNEP: Unable to annotate to non-existent path (IOPATH (posedge S0) Y) of instance testfixture.u_dut.U617 of module CLKMX2X2 <../syn/DT_syn.sdf, line 3239>.
ncelab: *W,SDFNEP: Unable to annotate to non-existent path (IOPATH (negedge S0) Y) of instance testfixture.u_dut.U617 of module CLKMX2X2 <../syn/DT_syn.sdf, line 3240>.
ncelab: *W,SDFNEP: Unable to annotate to non-existent path (IOPATH (posedge S0) Y) of instance testfixture.u_dut.U616 of module CLKMX2X2 <../syn/DT_syn.sdf, line 3253>.
ncelab: *W,SDFNEP: Unable to annotate to non-existent path (IOPATH (negedge S0) Y) of instance testfixture.u_dut.U616 of module CLKMX2X2 <../syn/DT_syn.sdf, line 3254>.
ncelab: *W,SDFNEP: Unable to annotate to non-existent path (IOPATH (posedge S0) Y) of instance testfixture.u_dut.U615 of module CLKMX2X2 <../syn/DT_syn.sdf, line 3267>.
ncelab: *W,SDFNEP: Unable to annotate to non-existent path (IOPATH (negedge S0) Y) of instance testfixture.u_dut.U615 of module CLKMX2X2 <../syn/DT_syn.sdf, line 3268>.
ncelab: *W,SDFNEP: Unable to annotate to non-existent path (IOPATH (posedge S0) Y) of instance testfixture.u_dut.U614 of module CLKMX2X2 <../syn/DT_syn.sdf, line 3281>.
ncelab: *W,SDFNEP: Unable to annotate to non-existent path (IOPATH (negedge S0) Y) of instance testfixture.u_dut.U614 of module CLKMX2X2 <../syn/DT_syn.sdf, line 3282>.
ncelab: *W,SDFNEP: Unable to annotate to non-existent path (IOPATH (posedge S0) Y) of instance testfixture.u_dut.U613 of module CLKMX2X2 <../syn/DT_syn.sdf, line 3295>.
ncelab: *W,SDFNEP: Unable to annotate to non-existent path (IOPATH (negedge S0) Y) of instance testfixture.u_dut.U613 of module CLKMX2X2 <../syn/DT_syn.sdf, line 3296>.
ncelab: *W,SDFNEP: Unable to annotate to non-existent path (IOPATH (posedge S0) Y) of instance testfixture.u_dut.U612 of module CLKMX2X2 <../syn/DT_syn.sdf, line 3309>.
ncelab: *W,SDFNEP: Unable to annotate to non-existent path (IOPATH (negedge S0) Y) of instance testfixture.u_dut.U612 of module CLKMX2X2 <../syn/DT_syn.sdf, line 3310>.
ncelab: *W,SDFNEP: Unable to annotate to non-existent path (IOPATH (posedge S0) Y) of instance testfixture.u_dut.U611 of module CLKMX2X2 <../syn/DT_syn.sdf, line 3323>.
ncelab: *W,SDFNEP: Unable to annotate to non-existent path (IOPATH (negedge S0) Y) of instance testfixture.u_dut.U611 of module CLKMX2X2 <../syn/DT_syn.sdf, line 3324>.
ncelab: *W,SDFNEP: Unable to annotate to non-existent path (IOPATH (posedge S0) Y) of instance testfixture.u_dut.U610 of module CLKMX2X2 <../syn/DT_syn.sdf, line 3337>.
ncelab: *W,SDFNEP: Unable to annotate to non-existent path (IOPATH (negedge S0) Y) of instance testfixture.u_dut.U610 of module CLKMX2X2 <../syn/DT_syn.sdf, line 3338>.
ncelab: *W,SDFNEP: Unable to annotate to non-existent path (IOPATH (posedge A) Y) of instance testfixture.u_dut.U559 of module XNOR2X1 <../syn/DT_syn.sdf, line 3920>.
ncelab: *W,SDFNEP: Unable to annotate to non-existent path (IOPATH (negedge A) Y) of instance testfixture.u_dut.U559 of module XNOR2X1 <../syn/DT_syn.sdf, line 3921>.
ncelab: *W,SDFNEP: Unable to annotate to non-existent path (IOPATH (posedge B) Y) of instance testfixture.u_dut.U559 of module XNOR2X1 <../syn/DT_syn.sdf, line 3924>.
ncelab: *W,SDFNEP: Unable to annotate to non-existent path (IOPATH (negedge B) Y) of instance testfixture.u_dut.U559 of module XNOR2X1 <../syn/DT_syn.sdf, line 3925>.
ncelab: *W,SDFNEP: Unable to annotate to non-existent path (IOPATH (posedge S0) Y) of instance testfixture.u_dut.U501 of module MXI2X1 <../syn/DT_syn.sdf, line 4602>.
ncelab: *W,SDFNEP: Unable to annotate to non-existent path (IOPATH (negedge S0) Y) of instance testfixture.u_dut.U501 of module MXI2X1 <../syn/DT_syn.sdf, line 4603>.
ncelab: *W,SDFNEP: Unable to annotate to non-existent path (IOPATH (posedge A) Y) of instance testfixture.u_dut.U470 of module XNOR2X1 <../syn/DT_syn.sdf, line 4957>.
ncelab: *W,SDFNEP: Unable to annotate to non-existent path (IOPATH (negedge A) Y) of instance testfixture.u_dut.U470 of module XNOR2X1 <../syn/DT_syn.sdf, line 4958>.
ncelab: *W,SDFNEP: Unable to annotate to non-existent path (IOPATH (posedge B) Y) of instance testfixture.u_dut.U470 of module XNOR2X1 <../syn/DT_syn.sdf, line 4961>.
ncelab: *W,SDFNEP: Unable to annotate to non-existent path (IOPATH (negedge B) Y) of instance testfixture.u_dut.U470 of module XNOR2X1 <../syn/DT_syn.sdf, line 4962>.
ncelab: *W,SDFNEP: Unable to annotate to non-existent path (IOPATH (posedge A) Y) of instance testfixture.u_dut.U468 of module XNOR2X1 <../syn/DT_syn.sdf, line 4983>.
ncelab: *W,SDFNEP: Unable to annotate to non-existent path (IOPATH (negedge A) Y) of instance testfixture.u_dut.U468 of module XNOR2X1 <../syn/DT_syn.sdf, line 4984>.
ncelab: *W,SDFNEP: Unable to annotate to non-existent path (IOPATH (posedge B) Y) of instance testfixture.u_dut.U468 of module XNOR2X1 <../syn/DT_syn.sdf, line 4987>.
ncelab: *W,SDFNEP: Unable to annotate to non-existent path (IOPATH (negedge B) Y) of instance testfixture.u_dut.U468 of module XNOR2X1 <../syn/DT_syn.sdf, line 4988>.
ncelab: *W,SDFNEP: Unable to annotate to non-existent path (IOPATH (posedge A) Y) of instance testfixture.u_dut.U466 of module XNOR2X1 <../syn/DT_syn.sdf, line 5009>.
ncelab: *W,SDFNEP: Unable to annotate to non-existent path (IOPATH (negedge A) Y) of instance testfixture.u_dut.U466 of module XNOR2X1 <../syn/DT_syn.sdf, line 5010>.
ncelab: *W,SDFNEP: Unable to annotate to non-existent path (IOPATH (posedge B) Y) of instance testfixture.u_dut.U466 of module XNOR2X1 <../syn/DT_syn.sdf, line 5013>.
ncelab: *W,SDFNEP: Unable to annotate to non-existent path (IOPATH (negedge B) Y) of instance testfixture.u_dut.U466 of module XNOR2X1 <../syn/DT_syn.sdf, line 5014>.
ncelab: *W,SDFNEP: Unable to annotate to non-existent path (IOPATH (posedge A) Y) of instance testfixture.u_dut.U464 of module XNOR2X1 <../syn/DT_syn.sdf, line 5035>.
ncelab: *W,SDFNEP: Unable to annotate to non-existent path (IOPATH (negedge A) Y) of instance testfixture.u_dut.U464 of module XNOR2X1 <../syn/DT_syn.sdf, line 5036>.
ncelab: *W,SDFNEP: Unable to annotate to non-existent path (IOPATH (posedge B) Y) of instance testfixture.u_dut.U464 of module XNOR2X1 <../syn/DT_syn.sdf, line 5039>.
ncelab: *W,SDFNEP: Unable to annotate to non-existent path (IOPATH (negedge B) Y) of instance testfixture.u_dut.U464 of module XNOR2X1 <../syn/DT_syn.sdf, line 5040>.
ncelab: *W,SDFNEP: Unable to annotate to non-existent path (IOPATH (posedge A) Y) of instance testfixture.u_dut.U462 of module XNOR2X1 <../syn/DT_syn.sdf, line 5061>.
ncelab: *W,SDFNEP: Unable to annotate to non-existent path (IOPATH (negedge A) Y) of instance testfixture.u_dut.U462 of module XNOR2X1 <../syn/DT_syn.sdf, line 5062>.
ncelab: *W,SDFNEP: Unable to annotate to non-existent path (IOPATH (posedge B) Y) of instance testfixture.u_dut.U462 of module XNOR2X1 <../syn/DT_syn.sdf, line 5065>.
ncelab: *W,SDFNEP: Unable to annotate to non-existent path (IOPATH (negedge B) Y) of instance testfixture.u_dut.U462 of module XNOR2X1 <../syn/DT_syn.sdf, line 5066>.
ncelab: *W,SDFNEP: Unable to annotate to non-existent path (IOPATH (posedge A) Y) of instance testfixture.u_dut.U460 of module XOR2X1 <../syn/DT_syn.sdf, line 5087>.
ncelab: *W,SDFNEP: Unable to annotate to non-existent path (IOPATH (negedge A) Y) of instance testfixture.u_dut.U460 of module XOR2X1 <../syn/DT_syn.sdf, line 5088>.
ncelab: *W,SDFNEP: Unable to annotate to non-existent path (IOPATH (posedge B) Y) of instance testfixture.u_dut.U460 of module XOR2X1 <../syn/DT_syn.sdf, line 5091>.
ncelab: *W,SDFNEP: Unable to annotate to non-existent path (IOPATH (negedge B) Y) of instance testfixture.u_dut.U460 of module XOR2X1 <../syn/DT_syn.sdf, line 5092>.
ncelab: *W,SDFNEP: Unable to annotate to non-existent path (IOPATH (posedge A) Y) of instance testfixture.u_dut.U458 of module XOR2X1 <../syn/DT_syn.sdf, line 5113>.
ncelab: *W,SDFNEP: Unable to annotate to non-existent path (IOPATH (negedge A) Y) of instance testfixture.u_dut.U458 of module XOR2X1 <../syn/DT_syn.sdf, line 5114>.
ncelab: *W,SDFNEP: Unable to annotate to non-existent path (IOPATH (posedge B) Y) of instance testfixture.u_dut.U458 of module XOR2X1 <../syn/DT_syn.sdf, line 5117>.
ncelab: *W,SDFNEP: Unable to annotate to non-existent path (IOPATH (negedge B) Y) of instance testfixture.u_dut.U458 of module XOR2X1 <../syn/DT_syn.sdf, line 5118>.
ncelab: *W,SDFNEP: Unable to annotate to non-existent path (IOPATH (posedge A) Y) of instance testfixture.u_dut.U456 of module XOR2X1 <../syn/DT_syn.sdf, line 5139>.
ncelab: *W,SDFNEP: Unable to annotate to non-existent path (IOPATH (negedge A) Y) of instance testfixture.u_dut.U456 of module XOR2X1 <../syn/DT_syn.sdf, line 5140>.
ncelab: *W,SDFNEP: Unable to annotate to non-existent path (IOPATH (posedge B) Y) of instance testfixture.u_dut.U456 of module XOR2X1 <../syn/DT_syn.sdf, line 5143>.
ncelab: *W,SDFNEP: Unable to annotate to non-existent path (IOPATH (negedge B) Y) of instance testfixture.u_dut.U456 of module XOR2X1 <../syn/DT_syn.sdf, line 5144>.
ncelab: *W,SDFNEP: Unable to annotate to non-existent path (IOPATH (posedge A) Y) of instance testfixture.u_dut.U454 of module XOR2X1 <../syn/DT_syn.sdf, line 5165>.
ncelab: *W,SDFNEP: Unable to annotate to non-existent path (IOPATH (negedge A) Y) of instance testfixture.u_dut.U454 of module XOR2X1 <../syn/DT_syn.sdf, line 5166>.
ncelab: *W,SDFNEP: Unable to annotate to non-existent path (IOPATH (posedge B) Y) of instance testfixture.u_dut.U454 of module XOR2X1 <../syn/DT_syn.sdf, line 5169>.
ncelab: *W,SDFNEP: Unable to annotate to non-existent path (IOPATH (negedge B) Y) of instance testfixture.u_dut.U454 of module XOR2X1 <../syn/DT_syn.sdf, line 5170>.
ncelab: *W,SDFNEP: Unable to annotate to non-existent path (IOPATH (posedge A) Y) of instance testfixture.u_dut.U452 of module XOR2X1 <../syn/DT_syn.sdf, line 5191>.
ncelab: *W,SDFNEP: Unable to annotate to non-existent path (IOPATH (negedge A) Y) of instance testfixture.u_dut.U452 of module XOR2X1 <../syn/DT_syn.sdf, line 5192>.
ncelab: *W,SDFNEP: Unable to annotate to non-existent path (IOPATH (posedge B) Y) of instance testfixture.u_dut.U452 of module XOR2X1 <../syn/DT_syn.sdf, line 5195>.
ncelab: *W,SDFNEP: Unable to annotate to non-existent path (IOPATH (negedge B) Y) of instance testfixture.u_dut.U452 of module XOR2X1 <../syn/DT_syn.sdf, line 5196>.
ncelab: *W,SDFNEP: Unable to annotate to non-existent path (IOPATH (posedge A) Y) of instance testfixture.u_dut.U450 of module XOR2X1 <../syn/DT_syn.sdf, line 5217>.
ncelab: *W,SDFNEP: Unable to annotate to non-existent path (IOPATH (negedge A) Y) of instance testfixture.u_dut.U450 of module XOR2X1 <../syn/DT_syn.sdf, line 5218>.
ncelab: *W,SDFNEP: Unable to annotate to non-existent path (IOPATH (posedge B) Y) of instance testfixture.u_dut.U450 of module XOR2X1 <../syn/DT_syn.sdf, line 5221>.
ncelab: *W,SDFNEP: Unable to annotate to non-existent path (IOPATH (negedge B) Y) of instance testfixture.u_dut.U450 of module XOR2X1 <../syn/DT_syn.sdf, line 5222>.
ncelab: *W,SDFNEP: Unable to annotate to non-existent path (IOPATH (posedge A) Y) of instance testfixture.u_dut.U448 of module XOR2X1 <../syn/DT_syn.sdf, line 5243>.
ncelab: *W,SDFNEP: Unable to annotate to non-existent path (IOPATH (negedge A) Y) of instance testfixture.u_dut.U448 of module XOR2X1 <../syn/DT_syn.sdf, line 5244>.
ncelab: *W,SDFNEP: Unable to annotate to non-existent path (IOPATH (posedge B) Y) of instance testfixture.u_dut.U448 of module XOR2X1 <../syn/DT_syn.sdf, line 5247>.
ncelab: *W,SDFNEP: Unable to annotate to non-existent path (IOPATH (negedge B) Y) of instance testfixture.u_dut.U448 of module XOR2X1 <../syn/DT_syn.sdf, line 5248>.
ncelab: *W,SDFNEP: Unable to annotate to non-existent path (IOPATH (posedge A) Y) of instance testfixture.u_dut.U447 of module XOR2X1 <../syn/DT_syn.sdf, line 5259>.
ncelab: *W,SDFNEP: Unable to annotate to non-existent path (IOPATH (negedge A) Y) of instance testfixture.u_dut.U447 of module XOR2X1 <../syn/DT_syn.sdf, line 5260>.
ncelab: *W,SDFNEP: Unable to annotate to non-existent path (IOPATH (posedge B) Y) of instance testfixture.u_dut.U447 of module XOR2X1 <../syn/DT_syn.sdf, line 5263>.
ncelab: *W,SDFNEP: Unable to annotate to non-existent path (IOPATH (negedge B) Y) of instance testfixture.u_dut.U447 of module XOR2X1 <../syn/DT_syn.sdf, line 5264>.
ncelab: *W,SDFNEP: Unable to annotate to non-existent path (IOPATH (posedge A) Y) of instance testfixture.u_dut.U445 of module XOR2X1 <../syn/DT_syn.sdf, line 5285>.
ncelab: *W,SDFNEP: Unable to annotate to non-existent path (IOPATH (negedge A) Y) of instance testfixture.u_dut.U445 of module XOR2X1 <../syn/DT_syn.sdf, line 5286>.
ncelab: *W,SDFNEP: Unable to annotate to non-existent path (IOPATH (posedge B) Y) of instance testfixture.u_dut.U445 of module XOR2X1 <../syn/DT_syn.sdf, line 5289>.
ncelab: *W,SDFNEP: Unable to annotate to non-existent path (IOPATH (negedge B) Y) of instance testfixture.u_dut.U445 of module XOR2X1 <../syn/DT_syn.sdf, line 5290>.
ncelab: *W,SDFNEP: Unable to annotate to non-existent path (IOPATH (posedge A) Y) of instance testfixture.u_dut.U443 of module XOR2X1 <../syn/DT_syn.sdf, line 5311>.
ncelab: *W,SDFNEP: Unable to annotate to non-existent path (IOPATH (negedge A) Y) of instance testfixture.u_dut.U443 of module XOR2X1 <../syn/DT_syn.sdf, line 5312>.
ncelab: *W,SDFNEP: Unable to annotate to non-existent path (IOPATH (posedge B) Y) of instance testfixture.u_dut.U443 of module XOR2X1 <../syn/DT_syn.sdf, line 5315>.
ncelab: *W,SDFNEP: Unable to annotate to non-existent path (IOPATH (negedge B) Y) of instance testfixture.u_dut.U443 of module XOR2X1 <../syn/DT_syn.sdf, line 5316>.
ncelab: *W,SDFNEP: Unable to annotate to non-existent path (IOPATH (posedge A) Y) of instance testfixture.u_dut.U441 of module XOR2X1 <../syn/DT_syn.sdf, line 5337>.
ncelab: *W,SDFNEP: Unable to annotate to non-existent path (IOPATH (negedge A) Y) of instance testfixture.u_dut.U441 of module XOR2X1 <../syn/DT_syn.sdf, line 5338>.
ncelab: *W,SDFNEP: Unable to annotate to non-existent path (IOPATH (posedge B) Y) of instance testfixture.u_dut.U441 of module XOR2X1 <../syn/DT_syn.sdf, line 5341>.
ncelab: *W,SDFNEP: Unable to annotate to non-existent path (IOPATH (negedge B) Y) of instance testfixture.u_dut.U441 of module XOR2X1 <../syn/DT_syn.sdf, line 5342>.
ncelab: *W,SDFNEP: Unable to annotate to non-existent path (IOPATH (posedge A) Y) of instance testfixture.u_dut.U439 of module XOR2X1 <../syn/DT_syn.sdf, line 5363>.
ncelab: *W,SDFNEP: Unable to annotate to non-existent path (IOPATH (negedge A) Y) of instance testfixture.u_dut.U439 of module XOR2X1 <../syn/DT_syn.sdf, line 5364>.
ncelab: *W,SDFNEP: Unable to annotate to non-existent path (IOPATH (posedge B) Y) of instance testfixture.u_dut.U439 of module XOR2X1 <../syn/DT_syn.sdf, line 5367>.
ncelab: *W,SDFNEP: Unable to annotate to non-existent path (IOPATH (negedge B) Y) of instance testfixture.u_dut.U439 of module XOR2X1 <../syn/DT_syn.sdf, line 5368>.
ncelab: *W,SDFNEP: Unable to annotate to non-existent path (IOPATH (posedge A) Y) of instance testfixture.u_dut.U437 of module XNOR2X1 <../syn/DT_syn.sdf, line 5389>.
ncelab: *W,SDFNEP: Unable to annotate to non-existent path (IOPATH (negedge A) Y) of instance testfixture.u_dut.U437 of module XNOR2X1 <../syn/DT_syn.sdf, line 5390>.
ncelab: *W,SDFNEP: Unable to annotate to non-existent path (IOPATH (posedge B) Y) of instance testfixture.u_dut.U437 of module XNOR2X1 <../syn/DT_syn.sdf, line 5393>.
ncelab: *W,SDFNEP: Unable to annotate to non-existent path (IOPATH (negedge B) Y) of instance testfixture.u_dut.U437 of module XNOR2X1 <../syn/DT_syn.sdf, line 5394>.
ncelab: *W,SDFNEP: Unable to annotate to non-existent path (IOPATH (posedge A) Y) of instance testfixture.u_dut.U435 of module XNOR2X1 <../syn/DT_syn.sdf, line 5415>.
ncelab: *W,SDFNEP: Unable to annotate to non-existent path (IOPATH (negedge A) Y) of instance testfixture.u_dut.U435 of module XNOR2X1 <../syn/DT_syn.sdf, line 5416>.
ncelab: *W,SDFNEP: Unable to annotate to non-existent path (IOPATH (posedge B) Y) of instance testfixture.u_dut.U435 of module XNOR2X1 <../syn/DT_syn.sdf, line 5419>.
ncelab: *W,SDFNEP: Unable to annotate to non-existent path (IOPATH (negedge B) Y) of instance testfixture.u_dut.U435 of module XNOR2X1 <../syn/DT_syn.sdf, line 5420>.
ncelab: *W,SDFNEP: Unable to annotate to non-existent path (IOPATH (posedge A) Y) of instance testfixture.u_dut.U433 of module XNOR2X1 <../syn/DT_syn.sdf, line 5441>.
ncelab: *W,SDFNEP: Unable to annotate to non-existent path (IOPATH (negedge A) Y) of instance testfixture.u_dut.U433 of module XNOR2X1 <../syn/DT_syn.sdf, line 5442>.
ncelab: *W,SDFNEP: Unable to annotate to non-existent path (IOPATH (posedge B) Y) of instance testfixture.u_dut.U433 of module XNOR2X1 <../syn/DT_syn.sdf, line 5445>.
ncelab: *W,SDFNEP: Unable to annotate to non-existent path (IOPATH (negedge B) Y) of instance testfixture.u_dut.U433 of module XNOR2X1 <../syn/DT_syn.sdf, line 5446>.
ncelab: *W,SDFNEP: Unable to annotate to non-existent path (IOPATH (posedge A) Y) of instance testfixture.u_dut.U431 of module XNOR2X1 <../syn/DT_syn.sdf, line 5467>.
ncelab: *W,SDFNEP: Unable to annotate to non-existent path (IOPATH (negedge A) Y) of instance testfixture.u_dut.U431 of module XNOR2X1 <../syn/DT_syn.sdf, line 5468>.
ncelab: *W,SDFNEP: Unable to annotate to non-existent path (IOPATH (posedge B) Y) of instance testfixture.u_dut.U431 of module XNOR2X1 <../syn/DT_syn.sdf, line 5471>.
ncelab: *W,SDFNEP: Unable to annotate to non-existent path (IOPATH (negedge B) Y) of instance testfixture.u_dut.U431 of module XNOR2X1 <../syn/DT_syn.sdf, line 5472>.
ncelab: *W,SDFNEP: Unable to annotate to non-existent path (IOPATH (posedge A) Y) of instance testfixture.u_dut.U429 of module XNOR2X1 <../syn/DT_syn.sdf, line 5493>.
ncelab: *W,SDFNEP: Unable to annotate to non-existent path (IOPATH (negedge A) Y) of instance testfixture.u_dut.U429 of module XNOR2X1 <../syn/DT_syn.sdf, line 5494>.
ncelab: *W,SDFNEP: Unable to annotate to non-existent path (IOPATH (posedge B) Y) of instance testfixture.u_dut.U429 of module XNOR2X1 <../syn/DT_syn.sdf, line 5497>.
ncelab: *W,SDFNEP: Unable to annotate to non-existent path (IOPATH (negedge B) Y) of instance testfixture.u_dut.U429 of module XNOR2X1 <../syn/DT_syn.sdf, line 5498>.
ncelab: *W,SDFNEP: Unable to annotate to non-existent path (IOPATH (posedge A) Y) of instance testfixture.u_dut.U427 of module XNOR2X1 <../syn/DT_syn.sdf, line 5519>.
ncelab: *W,SDFNEP: Unable to annotate to non-existent path (IOPATH (negedge A) Y) of instance testfixture.u_dut.U427 of module XNOR2X1 <../syn/DT_syn.sdf, line 5520>.
ncelab: *W,SDFNEP: Unable to annotate to non-existent path (IOPATH (posedge B) Y) of instance testfixture.u_dut.U427 of module XNOR2X1 <../syn/DT_syn.sdf, line 5523>.
ncelab: *W,SDFNEP: Unable to annotate to non-existent path (IOPATH (negedge B) Y) of instance testfixture.u_dut.U427 of module XNOR2X1 <../syn/DT_syn.sdf, line 5524>.
ncelab: *W,SDFNEP: Unable to annotate to non-existent path (IOPATH (posedge A) Y) of instance testfixture.u_dut.U426 of module XNOR2X1 <../syn/DT_syn.sdf, line 5535>.
ncelab: *W,SDFNEP: Unable to annotate to non-existent path (IOPATH (negedge A) Y) of instance testfixture.u_dut.U426 of module XNOR2X1 <../syn/DT_syn.sdf, line 5536>.
ncelab: *W,SDFNEP: Unable to annotate to non-existent path (IOPATH (posedge B) Y) of instance testfixture.u_dut.U426 of module XNOR2X1 <../syn/DT_syn.sdf, line 5539>.
ncelab: *W,SDFNEP: Unable to annotate to non-existent path (IOPATH (negedge B) Y) of instance testfixture.u_dut.U426 of module XNOR2X1 <../syn/DT_syn.sdf, line 5540>.
ncelab: *W,SDFNEP: Unable to annotate to non-existent path (IOPATH (posedge A) Y) of instance testfixture.u_dut.U424 of module XNOR2X1 <../syn/DT_syn.sdf, line 5561>.
ncelab: *W,SDFNEP: Unable to annotate to non-existent path (IOPATH (negedge A) Y) of instance testfixture.u_dut.U424 of module XNOR2X1 <../syn/DT_syn.sdf, line 5562>.
ncelab: *W,SDFNEP: Unable to annotate to non-existent path (IOPATH (posedge B) Y) of instance testfixture.u_dut.U424 of module XNOR2X1 <../syn/DT_syn.sdf, line 5565>.
ncelab: *W,SDFNEP: Unable to annotate to non-existent path (IOPATH (negedge B) Y) of instance testfixture.u_dut.U424 of module XNOR2X1 <../syn/DT_syn.sdf, line 5566>.
ncelab: *W,SDFNEP: Unable to annotate to non-existent path (IOPATH (posedge A) Y) of instance testfixture.u_dut.U422 of module XNOR2X1 <../syn/DT_syn.sdf, line 5587>.
ncelab: *W,SDFNEP: Unable to annotate to non-existent path (IOPATH (negedge A) Y) of instance testfixture.u_dut.U422 of module XNOR2X1 <../syn/DT_syn.sdf, line 5588>.
ncelab: *W,SDFNEP: Unable to annotate to non-existent path (IOPATH (posedge B) Y) of instance testfixture.u_dut.U422 of module XNOR2X1 <../syn/DT_syn.sdf, line 5591>.
ncelab: *W,SDFNEP: Unable to annotate to non-existent path (IOPATH (negedge B) Y) of instance testfixture.u_dut.U422 of module XNOR2X1 <../syn/DT_syn.sdf, line 5592>.
ncelab: *W,SDFNEP: Unable to annotate to non-existent path (IOPATH (posedge A) Y) of instance testfixture.u_dut.U420 of module XNOR2X1 <../syn/DT_syn.sdf, line 5613>.
ncelab: *W,SDFNEP: Unable to annotate to non-existent path (IOPATH (negedge A) Y) of instance testfixture.u_dut.U420 of module XNOR2X1 <../syn/DT_syn.sdf, line 5614>.
ncelab: *W,SDFNEP: Unable to annotate to non-existent path (IOPATH (posedge B) Y) of instance testfixture.u_dut.U420 of module XNOR2X1 <../syn/DT_syn.sdf, line 5617>.
ncelab: *W,SDFNEP: Unable to annotate to non-existent path (IOPATH (negedge B) Y) of instance testfixture.u_dut.U420 of module XNOR2X1 <../syn/DT_syn.sdf, line 5618>.
ncelab: *W,SDFNEP: Unable to annotate to non-existent path (IOPATH (posedge A) Y) of instance testfixture.u_dut.U418 of module XNOR2X1 <../syn/DT_syn.sdf, line 5639>.
ncelab: *W,SDFNEP: Unable to annotate to non-existent path (IOPATH (negedge A) Y) of instance testfixture.u_dut.U418 of module XNOR2X1 <../syn/DT_syn.sdf, line 5640>.
ncelab: *W,SDFNEP: Unable to annotate to non-existent path (IOPATH (posedge B) Y) of instance testfixture.u_dut.U418 of module XNOR2X1 <../syn/DT_syn.sdf, line 5643>.
ncelab: *W,SDFNEP: Unable to annotate to non-existent path (IOPATH (negedge B) Y) of instance testfixture.u_dut.U418 of module XNOR2X1 <../syn/DT_syn.sdf, line 5644>.
ncelab: *W,SDFNEP: Unable to annotate to non-existent path (IOPATH (posedge A) Y) of instance testfixture.u_dut.U416 of module XNOR2X1 <../syn/DT_syn.sdf, line 5665>.
ncelab: *W,SDFNEP: Unable to annotate to non-existent path (IOPATH (negedge A) Y) of instance testfixture.u_dut.U416 of module XNOR2X1 <../syn/DT_syn.sdf, line 5666>.
ncelab: *W,SDFNEP: Unable to annotate to non-existent path (IOPATH (posedge B) Y) of instance testfixture.u_dut.U416 of module XNOR2X1 <../syn/DT_syn.sdf, line 5669>.
ncelab: *W,SDFNEP: Unable to annotate to non-existent path (IOPATH (negedge B) Y) of instance testfixture.u_dut.U416 of module XNOR2X1 <../syn/DT_syn.sdf, line 5670>.
ncelab: *W,SDFNEP: Unable to annotate to non-existent path (IOPATH (posedge A) Y) of instance testfixture.u_dut.U414 of module XOR2X1 <../syn/DT_syn.sdf, line 5691>.
ncelab: *W,SDFNEP: Unable to annotate to non-existent path (IOPATH (negedge A) Y) of instance testfixture.u_dut.U414 of module XOR2X1 <../syn/DT_syn.sdf, line 5692>.
ncelab: *W,SDFNEP: Unable to annotate to non-existent path (IOPATH (posedge B) Y) of instance testfixture.u_dut.U414 of module XOR2X1 <../syn/DT_syn.sdf, line 5695>.
ncelab: *W,SDFNEP: Unable to annotate to non-existent path (IOPATH (negedge B) Y) of instance testfixture.u_dut.U414 of module XOR2X1 <../syn/DT_syn.sdf, line 5696>.
ncelab: *W,SDFNEP: Unable to annotate to non-existent path (IOPATH (posedge A) Y) of instance testfixture.u_dut.U412 of module XNOR2X1 <../syn/DT_syn.sdf, line 5717>.
ncelab: *W,SDFNEP: Unable to annotate to non-existent path (IOPATH (negedge A) Y) of instance testfixture.u_dut.U412 of module XNOR2X1 <../syn/DT_syn.sdf, line 5718>.
ncelab: *W,SDFNEP: Unable to annotate to non-existent path (IOPATH (posedge B) Y) of instance testfixture.u_dut.U412 of module XNOR2X1 <../syn/DT_syn.sdf, line 5721>.
ncelab: *W,SDFNEP: Unable to annotate to non-existent path (IOPATH (negedge B) Y) of instance testfixture.u_dut.U412 of module XNOR2X1 <../syn/DT_syn.sdf, line 5722>.
ncelab: *W,SDFNEP: Unable to annotate to non-existent path (IOPATH (posedge A) Y) of instance testfixture.u_dut.U410 of module XNOR2X1 <../syn/DT_syn.sdf, line 5743>.
ncelab: *W,SDFNEP: Unable to annotate to non-existent path (IOPATH (negedge A) Y) of instance testfixture.u_dut.U410 of module XNOR2X1 <../syn/DT_syn.sdf, line 5744>.
ncelab: *W,SDFNEP: Unable to annotate to non-existent path (IOPATH (posedge B) Y) of instance testfixture.u_dut.U410 of module XNOR2X1 <../syn/DT_syn.sdf, line 5747>.
ncelab: *W,SDFNEP: Unable to annotate to non-existent path (IOPATH (negedge B) Y) of instance testfixture.u_dut.U410 of module XNOR2X1 <../syn/DT_syn.sdf, line 5748>.
ncelab: *W,SDFNEP: Unable to annotate to non-existent path (IOPATH (posedge A) Y) of instance testfixture.u_dut.U408 of module XNOR2X1 <../syn/DT_syn.sdf, line 5769>.
ncelab: *W,SDFNEP: Unable to annotate to non-existent path (IOPATH (negedge A) Y) of instance testfixture.u_dut.U408 of module XNOR2X1 <../syn/DT_syn.sdf, line 5770>.
ncelab: *W,SDFNEP: Unable to annotate to non-existent path (IOPATH (posedge B) Y) of instance testfixture.u_dut.U408 of module XNOR2X1 <../syn/DT_syn.sdf, line 5773>.
ncelab: *W,SDFNEP: Unable to annotate to non-existent path (IOPATH (negedge B) Y) of instance testfixture.u_dut.U408 of module XNOR2X1 <../syn/DT_syn.sdf, line 5774>.
ncelab: *W,SDFNEP: Unable to annotate to non-existent path (IOPATH (posedge A) Y) of instance testfixture.u_dut.U406 of module XNOR2X1 <../syn/DT_syn.sdf, line 5795>.
ncelab: *W,SDFNEP: Unable to annotate to non-existent path (IOPATH (negedge A) Y) of instance testfixture.u_dut.U406 of module XNOR2X1 <../syn/DT_syn.sdf, line 5796>.
ncelab: *W,SDFNEP: Unable to annotate to non-existent path (IOPATH (posedge B) Y) of instance testfixture.u_dut.U406 of module XNOR2X1 <../syn/DT_syn.sdf, line 5799>.
ncelab: *W,SDFNEP: Unable to annotate to non-existent path (IOPATH (negedge B) Y) of instance testfixture.u_dut.U406 of module XNOR2X1 <../syn/DT_syn.sdf, line 5800>.
ncelab: *W,SDFNEP: Unable to annotate to non-existent path (IOPATH (posedge A) Y) of instance testfixture.u_dut.U404 of module XNOR2X1 <../syn/DT_syn.sdf, line 5821>.
ncelab: *W,SDFNEP: Unable to annotate to non-existent path (IOPATH (negedge A) Y) of instance testfixture.u_dut.U404 of module XNOR2X1 <../syn/DT_syn.sdf, line 5822>.
ncelab: *W,SDFNEP: Unable to annotate to non-existent path (IOPATH (posedge B) Y) of instance testfixture.u_dut.U404 of module XNOR2X1 <../syn/DT_syn.sdf, line 5825>.
ncelab: *W,SDFNEP: Unable to annotate to non-existent path (IOPATH (negedge B) Y) of instance testfixture.u_dut.U404 of module XNOR2X1 <../syn/DT_syn.sdf, line 5826>.
ncelab: *W,SDFNEP: Unable to annotate to non-existent path (IOPATH (posedge A) Y) of instance testfixture.u_dut.U402 of module XNOR2X1 <../syn/DT_syn.sdf, line 5847>.
ncelab: *W,SDFNEP: Unable to annotate to non-existent path (IOPATH (negedge A) Y) of instance testfixture.u_dut.U402 of module XNOR2X1 <../syn/DT_syn.sdf, line 5848>.
ncelab: *W,SDFNEP: Unable to annotate to non-existent path (IOPATH (posedge B) Y) of instance testfixture.u_dut.U402 of module XNOR2X1 <../syn/DT_syn.sdf, line 5851>.
ncelab: *W,SDFNEP: Unable to annotate to non-existent path (IOPATH (negedge B) Y) of instance testfixture.u_dut.U402 of module XNOR2X1 <../syn/DT_syn.sdf, line 5852>.
ncelab: *W,SDFNEP: Unable to annotate to non-existent path (IOPATH (posedge A) Y) of instance testfixture.u_dut.U401 of module XOR2X1 <../syn/DT_syn.sdf, line 5863>.
ncelab: *W,SDFNEP: Unable to annotate to non-existent path (IOPATH (negedge A) Y) of instance testfixture.u_dut.U401 of module XOR2X1 <../syn/DT_syn.sdf, line 5864>.
ncelab: *W,SDFNEP: Unable to annotate to non-existent path (IOPATH (posedge B) Y) of instance testfixture.u_dut.U401 of module XOR2X1 <../syn/DT_syn.sdf, line 5867>.
ncelab: *W,SDFNEP: Unable to annotate to non-existent path (IOPATH (negedge B) Y) of instance testfixture.u_dut.U401 of module XOR2X1 <../syn/DT_syn.sdf, line 5868>.
ncelab: *W,SDFNEP: Unable to annotate to non-existent path (IOPATH (posedge A) Y) of instance testfixture.u_dut.U399 of module XOR2X1 <../syn/DT_syn.sdf, line 5889>.
ncelab: *W,SDFNEP: Unable to annotate to non-existent path (IOPATH (negedge A) Y) of instance testfixture.u_dut.U399 of module XOR2X1 <../syn/DT_syn.sdf, line 5890>.
ncelab: *W,SDFNEP: Unable to annotate to non-existent path (IOPATH (posedge B) Y) of instance testfixture.u_dut.U399 of module XOR2X1 <../syn/DT_syn.sdf, line 5893>.
ncelab: *W,SDFNEP: Unable to annotate to non-existent path (IOPATH (negedge B) Y) of instance testfixture.u_dut.U399 of module XOR2X1 <../syn/DT_syn.sdf, line 5894>.
ncelab: *W,SDFNEP: Unable to annotate to non-existent path (IOPATH (posedge A) Y) of instance testfixture.u_dut.U397 of module XOR2X1 <../syn/DT_syn.sdf, line 5915>.
ncelab: *W,SDFNEP: Unable to annotate to non-existent path (IOPATH (negedge A) Y) of instance testfixture.u_dut.U397 of module XOR2X1 <../syn/DT_syn.sdf, line 5916>.
ncelab: *W,SDFNEP: Unable to annotate to non-existent path (IOPATH (posedge B) Y) of instance testfixture.u_dut.U397 of module XOR2X1 <../syn/DT_syn.sdf, line 5919>.
ncelab: *W,SDFNEP: Unable to annotate to non-existent path (IOPATH (negedge B) Y) of instance testfixture.u_dut.U397 of module XOR2X1 <../syn/DT_syn.sdf, line 5920>.
ncelab: *W,SDFNEP: Unable to annotate to non-existent path (IOPATH (posedge A) Y) of instance testfixture.u_dut.U395 of module XOR2X1 <../syn/DT_syn.sdf, line 5941>.
ncelab: *W,SDFNEP: Unable to annotate to non-existent path (IOPATH (negedge A) Y) of instance testfixture.u_dut.U395 of module XOR2X1 <../syn/DT_syn.sdf, line 5942>.
ncelab: *W,SDFNEP: Unable to annotate to non-existent path (IOPATH (posedge B) Y) of instance testfixture.u_dut.U395 of module XOR2X1 <../syn/DT_syn.sdf, line 5945>.
ncelab: *W,SDFNEP: Unable to annotate to non-existent path (IOPATH (negedge B) Y) of instance testfixture.u_dut.U395 of module XOR2X1 <../syn/DT_syn.sdf, line 5946>.
ncelab: *W,SDFNEP: Unable to annotate to non-existent path (IOPATH (posedge A) Y) of instance testfixture.u_dut.U393 of module XOR2X1 <../syn/DT_syn.sdf, line 5967>.
ncelab: *W,SDFNEP: Unable to annotate to non-existent path (IOPATH (negedge A) Y) of instance testfixture.u_dut.U393 of module XOR2X1 <../syn/DT_syn.sdf, line 5968>.
ncelab: *W,SDFNEP: Unable to annotate to non-existent path (IOPATH (posedge B) Y) of instance testfixture.u_dut.U393 of module XOR2X1 <../syn/DT_syn.sdf, line 5971>.
ncelab: *W,SDFNEP: Unable to annotate to non-existent path (IOPATH (negedge B) Y) of instance testfixture.u_dut.U393 of module XOR2X1 <../syn/DT_syn.sdf, line 5972>.
ncelab: *W,SDFNEP: Unable to annotate to non-existent path (IOPATH (posedge A) Y) of instance testfixture.u_dut.U391 of module XOR2X1 <../syn/DT_syn.sdf, line 5993>.
ncelab: *W,SDFNEP: Unable to annotate to non-existent path (IOPATH (negedge A) Y) of instance testfixture.u_dut.U391 of module XOR2X1 <../syn/DT_syn.sdf, line 5994>.
ncelab: *W,SDFNEP: Unable to annotate to non-existent path (IOPATH (posedge B) Y) of instance testfixture.u_dut.U391 of module XOR2X1 <../syn/DT_syn.sdf, line 5997>.
ncelab: *W,SDFNEP: Unable to annotate to non-existent path (IOPATH (negedge B) Y) of instance testfixture.u_dut.U391 of module XOR2X1 <../syn/DT_syn.sdf, line 5998>.
ncelab: *W,SDFNEP: Unable to annotate to non-existent path (IOPATH (posedge A) Y) of instance testfixture.u_dut.U389 of module XNOR2X1 <../syn/DT_syn.sdf, line 6019>.
ncelab: *W,SDFNEP: Unable to annotate to non-existent path (IOPATH (negedge A) Y) of instance testfixture.u_dut.U389 of module XNOR2X1 <../syn/DT_syn.sdf, line 6020>.
ncelab: *W,SDFNEP: Unable to annotate to non-existent path (IOPATH (posedge B) Y) of instance testfixture.u_dut.U389 of module XNOR2X1 <../syn/DT_syn.sdf, line 6023>.
ncelab: *W,SDFNEP: Unable to annotate to non-existent path (IOPATH (negedge B) Y) of instance testfixture.u_dut.U389 of module XNOR2X1 <../syn/DT_syn.sdf, line 6024>.
ncelab: *W,SDFNEP: Unable to annotate to non-existent path (IOPATH (posedge A) Y) of instance testfixture.u_dut.U387 of module XOR2X1 <../syn/DT_syn.sdf, line 6045>.
ncelab: *W,SDFNEP: Unable to annotate to non-existent path (IOPATH (negedge A) Y) of instance testfixture.u_dut.U387 of module XOR2X1 <../syn/DT_syn.sdf, line 6046>.
ncelab: *W,SDFNEP: Unable to annotate to non-existent path (IOPATH (posedge B) Y) of instance testfixture.u_dut.U387 of module XOR2X1 <../syn/DT_syn.sdf, line 6049>.
ncelab: *W,SDFNEP: Unable to annotate to non-existent path (IOPATH (negedge B) Y) of instance testfixture.u_dut.U387 of module XOR2X1 <../syn/DT_syn.sdf, line 6050>.
ncelab: *W,SDFNEP: Unable to annotate to non-existent path (IOPATH (posedge A) Y) of instance testfixture.u_dut.U385 of module XOR2X1 <../syn/DT_syn.sdf, line 6071>.
ncelab: *W,SDFNEP: Unable to annotate to non-existent path (IOPATH (negedge A) Y) of instance testfixture.u_dut.U385 of module XOR2X1 <../syn/DT_syn.sdf, line 6072>.
ncelab: *W,SDFNEP: Unable to annotate to non-existent path (IOPATH (posedge B) Y) of instance testfixture.u_dut.U385 of module XOR2X1 <../syn/DT_syn.sdf, line 6075>.
ncelab: *W,SDFNEP: Unable to annotate to non-existent path (IOPATH (negedge B) Y) of instance testfixture.u_dut.U385 of module XOR2X1 <../syn/DT_syn.sdf, line 6076>.
ncelab: *W,SDFNEP: Unable to annotate to non-existent path (IOPATH (posedge A) Y) of instance testfixture.u_dut.U383 of module XOR2X1 <../syn/DT_syn.sdf, line 6097>.
ncelab: *W,SDFNEP: Unable to annotate to non-existent path (IOPATH (negedge A) Y) of instance testfixture.u_dut.U383 of module XOR2X1 <../syn/DT_syn.sdf, line 6098>.
ncelab: *W,SDFNEP: Unable to annotate to non-existent path (IOPATH (posedge B) Y) of instance testfixture.u_dut.U383 of module XOR2X1 <../syn/DT_syn.sdf, line 6101>.
ncelab: *W,SDFNEP: Unable to annotate to non-existent path (IOPATH (negedge B) Y) of instance testfixture.u_dut.U383 of module XOR2X1 <../syn/DT_syn.sdf, line 6102>.
ncelab: *W,SDFNEP: Unable to annotate to non-existent path (IOPATH (posedge A) Y) of instance testfixture.u_dut.U381 of module XOR2X1 <../syn/DT_syn.sdf, line 6123>.
ncelab: *W,SDFNEP: Unable to annotate to non-existent path (IOPATH (negedge A) Y) of instance testfixture.u_dut.U381 of module XOR2X1 <../syn/DT_syn.sdf, line 6124>.
ncelab: *W,SDFNEP: Unable to annotate to non-existent path (IOPATH (posedge B) Y) of instance testfixture.u_dut.U381 of module XOR2X1 <../syn/DT_syn.sdf, line 6127>.
ncelab: *W,SDFNEP: Unable to annotate to non-existent path (IOPATH (negedge B) Y) of instance testfixture.u_dut.U381 of module XOR2X1 <../syn/DT_syn.sdf, line 6128>.
ncelab: *W,SDFNEP: Unable to annotate to non-existent path (IOPATH (posedge A) Y) of instance testfixture.u_dut.U379 of module XOR2X1 <../syn/DT_syn.sdf, line 6149>.
ncelab: *W,SDFNEP: Unable to annotate to non-existent path (IOPATH (negedge A) Y) of instance testfixture.u_dut.U379 of module XOR2X1 <../syn/DT_syn.sdf, line 6150>.
ncelab: *W,SDFNEP: Unable to annotate to non-existent path (IOPATH (posedge B) Y) of instance testfixture.u_dut.U379 of module XOR2X1 <../syn/DT_syn.sdf, line 6153>.
ncelab: *W,SDFNEP: Unable to annotate to non-existent path (IOPATH (negedge B) Y) of instance testfixture.u_dut.U379 of module XOR2X1 <../syn/DT_syn.sdf, line 6154>.
ncelab: *W,SDFNEP: Unable to annotate to non-existent path (IOPATH (posedge A) Y) of instance testfixture.u_dut.U377 of module XOR2X1 <../syn/DT_syn.sdf, line 6175>.
ncelab: *W,SDFNEP: Unable to annotate to non-existent path (IOPATH (negedge A) Y) of instance testfixture.u_dut.U377 of module XOR2X1 <../syn/DT_syn.sdf, line 6176>.
ncelab: *W,SDFNEP: Unable to annotate to non-existent path (IOPATH (posedge B) Y) of instance testfixture.u_dut.U377 of module XOR2X1 <../syn/DT_syn.sdf, line 6179>.
ncelab: *W,SDFNEP: Unable to annotate to non-existent path (IOPATH (negedge B) Y) of instance testfixture.u_dut.U377 of module XOR2X1 <../syn/DT_syn.sdf, line 6180>.
ncelab: *W,SDFNEP: Unable to annotate to non-existent path (IOPATH (posedge S0) Y) of instance testfixture.u_dut.U372 of module MXI2X2 <../syn/DT_syn.sdf, line 6239>.
ncelab: *W,SDFNEP: Unable to annotate to non-existent path (IOPATH (negedge S0) Y) of instance testfixture.u_dut.U372 of module MXI2X2 <../syn/DT_syn.sdf, line 6240>.
ncelab: *W,SDFNEP: Unable to annotate to non-existent path (IOPATH (posedge A) Y) of instance testfixture.u_dut.U368 of module XOR2X1 <../syn/DT_syn.sdf, line 6279>.
ncelab: *W,SDFNEP: Unable to annotate to non-existent path (IOPATH (negedge A) Y) of instance testfixture.u_dut.U368 of module XOR2X1 <../syn/DT_syn.sdf, line 6280>.
ncelab: *W,SDFNEP: Unable to annotate to non-existent path (IOPATH (posedge B) Y) of instance testfixture.u_dut.U368 of module XOR2X1 <../syn/DT_syn.sdf, line 6283>.
ncelab: *W,SDFNEP: Unable to annotate to non-existent path (IOPATH (negedge B) Y) of instance testfixture.u_dut.U368 of module XOR2X1 <../syn/DT_syn.sdf, line 6284>.
ncelab: *W,SDFNEP: Unable to annotate to non-existent path (IOPATH (posedge S0) Y) of instance testfixture.u_dut.U347 of module MXI2XL <../syn/DT_syn.sdf, line 6489>.
ncelab: *W,SDFNEP: Unable to annotate to non-existent path (IOPATH (negedge S0) Y) of instance testfixture.u_dut.U347 of module MXI2XL <../syn/DT_syn.sdf, line 6490>.
ncelab: *W,SDFNEP: Unable to annotate to non-existent path (IOPATH (posedge S0) Y) of instance testfixture.u_dut.U345 of module MX2XL <../syn/DT_syn.sdf, line 6515>.
ncelab: *W,SDFNEP: Unable to annotate to non-existent path (IOPATH (negedge S0) Y) of instance testfixture.u_dut.U345 of module MX2XL <../syn/DT_syn.sdf, line 6516>.
ncelab: *W,SDFNEP: Unable to annotate to non-existent path (IOPATH (posedge A) Y) of instance testfixture.u_dut.U332 of module XNOR2XL <../syn/DT_syn.sdf, line 6653>.
ncelab: *W,SDFNEP: Unable to annotate to non-existent path (IOPATH (negedge A) Y) of instance testfixture.u_dut.U332 of module XNOR2XL <../syn/DT_syn.sdf, line 6654>.
ncelab: *W,SDFNEP: Unable to annotate to non-existent path (IOPATH (posedge B) Y) of instance testfixture.u_dut.U332 of module XNOR2XL <../syn/DT_syn.sdf, line 6657>.
ncelab: *W,SDFNEP: Unable to annotate to non-existent path (IOPATH (negedge B) Y) of instance testfixture.u_dut.U332 of module XNOR2XL <../syn/DT_syn.sdf, line 6658>.
ncelab: *W,SDFNEP: Unable to annotate to non-existent path (IOPATH (posedge S0) Y) of instance testfixture.u_dut.U324 of module MXI2XL <../syn/DT_syn.sdf, line 6741>.
ncelab: *W,SDFNEP: Unable to annotate to non-existent path (IOPATH (negedge S0) Y) of instance testfixture.u_dut.U324 of module MXI2XL <../syn/DT_syn.sdf, line 6742>.
	Annotation completed with 0 Errors and 374 Warnings
	SDF statistics: No. of Pathdelays = 1708  Annotated = 100.00% -- No. of Tchecks = 318  Annotated = 100.00% 
				        Total 	   Annotated	  Percentage
		 Path Delays	        1708	        1708	      100.00
		      $width	         159	         159	      100.00
		  $setuphold	         159	         159	      100.00
	Building instance overlay tables: .................... Done
	Generating native compiled code:
		worklib.DT:v <0x6bc58508>
			streams:   0, words:     0
		worklib.res_RAM:v <0x3363d337>
			streams:   5, words:  1986
		worklib.sti_ROM:v <0x3ac087f3>
			streams:   3, words:  1415
		worklib.testfixture:v <0x5772ad78>
			streams:  12, words: 23393
	Building instance specific data structures.
	Loading native compiled code:     .................... Done
	Design hierarchy summary:
		                    Instances  Unique
		Modules:                  538     102
		UDPs:                      69       2
		Primitives:               990       8
		Timing outputs:           613      35
		Registers:                 72      25
		Scalar wires:             673       -
		Expanded wires:            24       2
		Always blocks:              4       4
		Initial blocks:            13      13
		Pseudo assignments:         1       1
		Timing checks:            477      77
		Interconnect:            1395       -
		Delayed tcheck signals:   159      57
		Simulation timescale:     1ps
	Writing initial simulation snapshot: worklib.testfixture:v
Loading snapshot worklib.testfixture:v .................... Done
*Verdi* Loading libsscore_ius152.so
ncsim> source /usr/cad/cadence/INCISIV/cur/tools/inca/files/ncsimrc
ncsim> run
-----------------------------------------------------

START!!! Simulation Start .....

-----------------------------------------------------

FWPASS : Output pixel: 0 ~           0 are correct!

FWPASS : Output pixel: 0 ~        1000 are correct!

FWPASS : Output pixel: 0 ~        2000 are correct!

FWPASS : Output pixel: 0 ~        3000 are correct!

FWPASS : Output pixel: 0 ~        4000 are correct!

FWPASS : Output pixel: 0 ~        5000 are correct!

FWPASS : Output pixel: 0 ~        6000 are correct!

FWPASS : Output pixel: 0 ~        7000 are correct!

FWPASS : Output pixel: 0 ~        8000 are correct!

FWPASS : Output pixel: 0 ~        9000 are correct!

FWPASS : Output pixel: 0 ~       10000 are correct!

FWPASS : Output pixel: 0 ~       11000 are correct!

FWPASS : Output pixel: 0 ~       12000 are correct!

FWPASS : Output pixel: 0 ~       13000 are correct!

FWPASS : Output pixel: 0 ~       14000 are correct!

FWPASS : Output pixel: 0 ~       15000 are correct!

FWPASS : Output pixel: 0 ~       16000 are correct!

                                                     

Forward-Pass test PASS! 
                                                     

 Output pixel: 0 ~           0 are correct!

 Output pixel: 0 ~        1000 are correct!

 Output pixel: 0 ~        2000 are correct!

 Output pixel: 0 ~        3000 are correct!

 Output pixel: 0 ~        4000 are correct!

 Output pixel: 0 ~        5000 are correct!

 Output pixel: 0 ~        6000 are correct!

 Output pixel: 0 ~        7000 are correct!

 Output pixel: 0 ~        8000 are correct!

 Output pixel: 0 ~        9000 are correct!

 Output pixel: 0 ~       10000 are correct!

 Output pixel: 0 ~       11000 are correct!

 Output pixel: 0 ~       12000 are correct!

 Output pixel: 0 ~       13000 are correct!

 Output pixel: 0 ~       14000 are correct!

 Output pixel: 0 ~       15000 are correct!

 Output pixel: 0 ~       16000 are correct!

-------------------------------------------------------------

Congratulations!!! All data have been generated successfully!

---------- The test result is ..... PASS --------------------

                                                     

-----------------------------------------------------

Simulation complete via $finish(1) at time 1331220111 PS + 0
./testfixture.v:174       #(`CYCLE/3); $finish;
ncsim> exit
TOOL:	ncverilog	15.20-s039: Exiting on Sep 16, 2020 at 18:10:42 CST  (total: 00:00:07)
