 
****************************************
Report : area
Design : DT
Version: Q-2019.12
Date   : Wed Sep 16 17:59:54 2020
****************************************

Library(s) Used:

    slow (File: /usr/cad/CBDK_IC_Contest_v2.1/SynopsysDC/db/slow.db)

Number of ports:                          171
Number of nets:                           632
Number of cells:                          444
Number of combinational cells:            386
Number of sequential cells:                53
Number of macros/black boxes:               0
Number of buf/inv:                         43
Number of references:                      43

Combinational area:               3484.762178
Buf/Inv area:                      145.976398
Noncombinational area:            1678.728558
Macro/Black Box area:                0.000000
Net Interconnect area:      undefined  (No wire load specified)

Total cell area:                  5163.490736
Total area:                 undefined
1
